2020-11-29 22:57:17,145:INFO: Loading the datasets...
2020-11-29 22:57:18,480:INFO: - done.
2020-11-29 22:57:18,485:INFO: Starting training for 2 epoch(s)
2020-11-29 22:57:18,485:INFO: Epoch 1/2
2020-11-29 22:58:09,211:INFO: - Train metrics: accuracy: 0.297 ; non_zero_mask_percentage: 1.000 ; loss: 2.438
2020-11-29 22:58:13,611:INFO: - Eval metrics : accuracy: 0.474 ; non_zero_mask_percentage: 1.000 ; loss: 2.067
2020-11-29 22:58:13,625:INFO: - Found new best accuracy
2020-11-29 22:58:13,630:INFO: Epoch 2/2
2020-11-29 22:59:08,550:INFO: - Train metrics: accuracy: 0.492 ; non_zero_mask_percentage: 1.000 ; loss: 2.019
2020-11-29 22:59:13,586:INFO: - Eval metrics : accuracy: 0.535 ; non_zero_mask_percentage: 1.000 ; loss: 1.788
2020-11-29 22:59:13,602:INFO: - Found new best accuracy
2020-11-29 23:00:11,106:INFO: Loading the datasets...
2020-11-29 23:00:12,378:INFO: - done.
2020-11-29 23:00:12,381:INFO: Starting training for 300 epoch(s)
2020-11-29 23:00:12,381:INFO: Epoch 1/300
2020-11-29 23:00:25,477:INFO: Loading the datasets...
2020-11-29 23:00:26,699:INFO: - done.
2020-11-29 23:00:26,704:INFO: Starting training for 300 epoch(s)
2020-11-29 23:00:26,705:INFO: Epoch 1/300
2020-11-29 23:01:16,389:INFO: - Train metrics: accuracy: 0.334 ; non_zero_mask_percentage: 1.000 ; loss: 2.260
2020-11-29 23:01:20,818:INFO: - Eval metrics : accuracy: 0.475 ; non_zero_mask_percentage: 1.000 ; loss: 1.885
2020-11-29 23:01:20,835:INFO: - Found new best accuracy
2020-11-29 23:01:20,839:INFO: Epoch 2/300
2020-11-29 23:02:11,045:INFO: - Train metrics: accuracy: 0.496 ; non_zero_mask_percentage: 1.000 ; loss: 1.884
2020-11-29 23:02:15,613:INFO: - Eval metrics : accuracy: 0.526 ; non_zero_mask_percentage: 1.000 ; loss: 1.677
2020-11-29 23:02:15,625:INFO: - Found new best accuracy
2020-11-29 23:02:15,630:INFO: Epoch 3/300
2020-11-29 23:03:05,865:INFO: - Train metrics: accuracy: 0.537 ; non_zero_mask_percentage: 1.000 ; loss: 1.688
2020-11-29 23:03:10,543:INFO: - Eval metrics : accuracy: 0.550 ; non_zero_mask_percentage: 1.000 ; loss: 1.593
2020-11-29 23:03:10,558:INFO: - Found new best accuracy
2020-11-29 23:03:10,562:INFO: Epoch 4/300
2020-11-29 23:04:03,662:INFO: - Train metrics: accuracy: 0.521 ; non_zero_mask_percentage: 1.000 ; loss: 1.577
2020-11-29 23:04:08,140:INFO: - Eval metrics : accuracy: 0.587 ; non_zero_mask_percentage: 1.000 ; loss: 1.486
2020-11-29 23:04:08,158:INFO: - Found new best accuracy
2020-11-29 23:04:08,163:INFO: Epoch 5/300
2020-11-29 23:04:55,899:INFO: - Train metrics: accuracy: 0.580 ; non_zero_mask_percentage: 1.000 ; loss: 1.522
2020-11-29 23:05:00,219:INFO: - Eval metrics : accuracy: 0.601 ; non_zero_mask_percentage: 1.000 ; loss: 1.447
2020-11-29 23:05:00,231:INFO: - Found new best accuracy
2020-11-29 23:05:00,235:INFO: Epoch 6/300
2020-11-29 23:05:51,339:INFO: - Train metrics: accuracy: 0.586 ; non_zero_mask_percentage: 1.000 ; loss: 1.457
2020-11-29 23:05:55,599:INFO: - Eval metrics : accuracy: 0.614 ; non_zero_mask_percentage: 1.000 ; loss: 1.407
2020-11-29 23:05:55,611:INFO: - Found new best accuracy
2020-11-29 23:05:55,616:INFO: Epoch 7/300
2020-11-29 23:06:43,210:INFO: - Train metrics: accuracy: 0.617 ; non_zero_mask_percentage: 1.000 ; loss: 1.485
2020-11-29 23:06:47,562:INFO: - Eval metrics : accuracy: 0.619 ; non_zero_mask_percentage: 1.000 ; loss: 1.387
2020-11-29 23:06:47,577:INFO: - Found new best accuracy
2020-11-29 23:06:47,583:INFO: Epoch 8/300
2020-11-29 23:07:37,734:INFO: - Train metrics: accuracy: 0.551 ; non_zero_mask_percentage: 1.000 ; loss: 1.543
2020-11-29 23:07:42,169:INFO: - Eval metrics : accuracy: 0.635 ; non_zero_mask_percentage: 1.000 ; loss: 1.340
2020-11-29 23:07:42,181:INFO: - Found new best accuracy
2020-11-29 23:07:42,184:INFO: Epoch 9/300
2020-11-29 23:08:30,309:INFO: - Train metrics: accuracy: 0.605 ; non_zero_mask_percentage: 1.000 ; loss: 1.393
2020-11-29 23:08:35,043:INFO: - Eval metrics : accuracy: 0.636 ; non_zero_mask_percentage: 1.000 ; loss: 1.330
2020-11-29 23:08:35,059:INFO: - Found new best accuracy
2020-11-29 23:08:35,064:INFO: Epoch 10/300
2020-11-29 23:09:26,015:INFO: - Train metrics: accuracy: 0.604 ; non_zero_mask_percentage: 1.000 ; loss: 1.440
2020-11-29 23:09:30,456:INFO: - Eval metrics : accuracy: 0.646 ; non_zero_mask_percentage: 1.000 ; loss: 1.314
2020-11-29 23:09:30,471:INFO: - Found new best accuracy
2020-11-29 23:09:30,474:INFO: Epoch 11/300
2020-11-29 23:10:20,564:INFO: - Train metrics: accuracy: 0.625 ; non_zero_mask_percentage: 0.796 ; loss: 1.378
2020-11-29 23:10:24,888:INFO: - Eval metrics : accuracy: 0.652 ; non_zero_mask_percentage: 0.707 ; loss: 1.278
2020-11-29 23:10:24,902:INFO: - Found new best accuracy
2020-11-29 23:10:24,907:INFO: Epoch 12/300
2020-11-29 23:11:12,825:INFO: - Train metrics: accuracy: 0.633 ; non_zero_mask_percentage: 0.703 ; loss: 1.302
2020-11-29 23:11:17,116:INFO: - Eval metrics : accuracy: 0.660 ; non_zero_mask_percentage: 0.701 ; loss: 1.274
2020-11-29 23:11:17,130:INFO: - Found new best accuracy
2020-11-29 23:11:17,135:INFO: Epoch 13/300
2020-11-29 23:12:06,797:INFO: - Train metrics: accuracy: 0.639 ; non_zero_mask_percentage: 0.700 ; loss: 1.292
2020-11-29 23:12:11,005:INFO: - Eval metrics : accuracy: 0.665 ; non_zero_mask_percentage: 0.700 ; loss: 1.247
2020-11-29 23:12:11,018:INFO: - Found new best accuracy
2020-11-29 23:12:11,024:INFO: Epoch 14/300
2020-11-29 23:13:00,504:INFO: - Train metrics: accuracy: 0.645 ; non_zero_mask_percentage: 0.700 ; loss: 1.277
2020-11-29 23:13:04,691:INFO: - Eval metrics : accuracy: 0.650 ; non_zero_mask_percentage: 0.700 ; loss: 1.277
2020-11-29 23:13:04,700:INFO: Epoch 15/300
2020-11-29 23:13:53,976:INFO: - Train metrics: accuracy: 0.660 ; non_zero_mask_percentage: 0.700 ; loss: 1.271
2020-11-29 23:13:58,839:INFO: - Eval metrics : accuracy: 0.665 ; non_zero_mask_percentage: 0.700 ; loss: 1.238
2020-11-29 23:13:58,854:INFO: - Found new best accuracy
2020-11-29 23:13:58,859:INFO: Epoch 16/300
2020-11-29 23:14:48,719:INFO: - Train metrics: accuracy: 0.658 ; non_zero_mask_percentage: 0.700 ; loss: 1.286
2020-11-29 23:14:53,058:INFO: - Eval metrics : accuracy: 0.656 ; non_zero_mask_percentage: 0.700 ; loss: 1.259
2020-11-29 23:14:53,068:INFO: Epoch 17/300
2020-11-29 23:15:41,206:INFO: - Train metrics: accuracy: 0.670 ; non_zero_mask_percentage: 0.700 ; loss: 1.271
2020-11-29 23:15:45,548:INFO: - Eval metrics : accuracy: 0.671 ; non_zero_mask_percentage: 0.700 ; loss: 1.216
2020-11-29 23:15:45,563:INFO: - Found new best accuracy
2020-11-29 23:15:45,567:INFO: Epoch 18/300
2020-11-29 23:16:33,710:INFO: - Train metrics: accuracy: 0.662 ; non_zero_mask_percentage: 0.700 ; loss: 1.341
2020-11-29 23:16:37,985:INFO: - Eval metrics : accuracy: 0.665 ; non_zero_mask_percentage: 0.700 ; loss: 1.235
2020-11-29 23:16:37,995:INFO: Epoch 19/300
2020-11-29 23:17:28,071:INFO: - Train metrics: accuracy: 0.613 ; non_zero_mask_percentage: 0.700 ; loss: 1.336
2020-11-29 23:17:32,813:INFO: - Eval metrics : accuracy: 0.673 ; non_zero_mask_percentage: 0.699 ; loss: 1.208
2020-11-29 23:17:32,827:INFO: - Found new best accuracy
2020-11-29 23:17:32,833:INFO: Epoch 20/300
2020-11-29 23:18:24,031:INFO: - Train metrics: accuracy: 0.650 ; non_zero_mask_percentage: 0.699 ; loss: 1.271
2020-11-29 23:18:28,582:INFO: - Eval metrics : accuracy: 0.675 ; non_zero_mask_percentage: 0.699 ; loss: 1.208
2020-11-29 23:18:28,595:INFO: - Found new best accuracy
2020-11-29 23:18:28,598:INFO: Epoch 21/300
2020-11-29 23:19:16,183:INFO: - Train metrics: accuracy: 0.645 ; non_zero_mask_percentage: 0.699 ; loss: 1.236
2020-11-29 23:19:20,492:INFO: - Eval metrics : accuracy: 0.671 ; non_zero_mask_percentage: 0.699 ; loss: 1.216
2020-11-29 23:19:20,503:INFO: Epoch 22/300
2020-11-29 23:20:08,798:INFO: - Train metrics: accuracy: 0.684 ; non_zero_mask_percentage: 0.699 ; loss: 1.223
2020-11-29 23:20:13,689:INFO: - Eval metrics : accuracy: 0.676 ; non_zero_mask_percentage: 0.699 ; loss: 1.184
2020-11-29 23:20:13,701:INFO: - Found new best accuracy
2020-11-29 23:20:13,705:INFO: Epoch 23/300
2020-11-29 23:21:04,320:INFO: - Train metrics: accuracy: 0.652 ; non_zero_mask_percentage: 0.699 ; loss: 1.257
2020-11-29 23:21:08,725:INFO: - Eval metrics : accuracy: 0.687 ; non_zero_mask_percentage: 0.699 ; loss: 1.178
2020-11-29 23:21:08,737:INFO: - Found new best accuracy
2020-11-29 23:21:08,742:INFO: Epoch 24/300
2020-11-29 23:21:56,879:INFO: - Train metrics: accuracy: 0.664 ; non_zero_mask_percentage: 0.699 ; loss: 1.210
2020-11-29 23:22:01,384:INFO: - Eval metrics : accuracy: 0.680 ; non_zero_mask_percentage: 0.699 ; loss: 1.193
2020-11-29 23:22:01,395:INFO: Epoch 25/300
2020-11-29 23:22:49,178:INFO: - Train metrics: accuracy: 0.680 ; non_zero_mask_percentage: 0.699 ; loss: 1.194
2020-11-29 23:22:53,359:INFO: - Eval metrics : accuracy: 0.682 ; non_zero_mask_percentage: 0.699 ; loss: 1.171
2020-11-29 23:22:53,372:INFO: Epoch 26/300
2020-11-29 23:23:41,262:INFO: - Train metrics: accuracy: 0.684 ; non_zero_mask_percentage: 0.699 ; loss: 1.242
2020-11-29 23:23:45,502:INFO: - Eval metrics : accuracy: 0.680 ; non_zero_mask_percentage: 0.699 ; loss: 1.172
2020-11-29 23:23:45,512:INFO: Epoch 27/300
2020-11-29 23:24:34,375:INFO: - Train metrics: accuracy: 0.693 ; non_zero_mask_percentage: 0.699 ; loss: 1.144
2020-11-29 23:24:38,725:INFO: - Eval metrics : accuracy: 0.683 ; non_zero_mask_percentage: 0.699 ; loss: 1.162
2020-11-29 23:24:38,736:INFO: Epoch 28/300
2020-11-29 23:25:26,770:INFO: - Train metrics: accuracy: 0.666 ; non_zero_mask_percentage: 0.699 ; loss: 1.197
2020-11-29 23:25:30,974:INFO: - Eval metrics : accuracy: 0.690 ; non_zero_mask_percentage: 0.699 ; loss: 1.154
2020-11-29 23:25:30,988:INFO: - Found new best accuracy
2020-11-29 23:25:30,993:INFO: Epoch 29/300
2020-11-29 23:26:19,312:INFO: - Train metrics: accuracy: 0.689 ; non_zero_mask_percentage: 0.699 ; loss: 1.119
2020-11-29 23:26:23,599:INFO: - Eval metrics : accuracy: 0.695 ; non_zero_mask_percentage: 0.699 ; loss: 1.142
2020-11-29 23:26:23,611:INFO: - Found new best accuracy
2020-11-29 23:26:23,614:INFO: Epoch 30/300
2020-11-29 23:27:11,627:INFO: - Train metrics: accuracy: 0.682 ; non_zero_mask_percentage: 0.699 ; loss: 1.229
2020-11-29 23:27:15,823:INFO: - Eval metrics : accuracy: 0.694 ; non_zero_mask_percentage: 0.699 ; loss: 1.123
2020-11-29 23:27:15,835:INFO: Epoch 31/300
2020-11-29 23:28:04,121:INFO: - Train metrics: accuracy: 0.676 ; non_zero_mask_percentage: 0.699 ; loss: 1.158
2020-11-29 23:28:08,409:INFO: - Eval metrics : accuracy: 0.688 ; non_zero_mask_percentage: 0.699 ; loss: 1.150
2020-11-29 23:28:08,419:INFO: Epoch 32/300
2020-11-29 23:28:56,246:INFO: - Train metrics: accuracy: 0.670 ; non_zero_mask_percentage: 0.699 ; loss: 1.232
2020-11-29 23:29:00,496:INFO: - Eval metrics : accuracy: 0.697 ; non_zero_mask_percentage: 0.699 ; loss: 1.122
2020-11-29 23:29:00,513:INFO: - Found new best accuracy
2020-11-29 23:29:00,519:INFO: Epoch 33/300
2020-11-29 23:29:48,551:INFO: - Train metrics: accuracy: 0.662 ; non_zero_mask_percentage: 0.699 ; loss: 1.203
2020-11-29 23:29:52,857:INFO: - Eval metrics : accuracy: 0.694 ; non_zero_mask_percentage: 0.699 ; loss: 1.113
2020-11-29 23:29:52,869:INFO: Epoch 34/300
2020-11-29 23:30:41,155:INFO: - Train metrics: accuracy: 0.689 ; non_zero_mask_percentage: 0.699 ; loss: 1.132
2020-11-29 23:30:45,514:INFO: - Eval metrics : accuracy: 0.689 ; non_zero_mask_percentage: 0.699 ; loss: 1.123
2020-11-29 23:30:45,524:INFO: Epoch 35/300
2020-11-29 23:31:33,781:INFO: - Train metrics: accuracy: 0.682 ; non_zero_mask_percentage: 0.699 ; loss: 1.191
2020-11-29 23:31:38,025:INFO: - Eval metrics : accuracy: 0.693 ; non_zero_mask_percentage: 0.699 ; loss: 1.107
2020-11-29 23:31:38,036:INFO: Epoch 36/300
2020-11-29 23:32:26,262:INFO: - Train metrics: accuracy: 0.689 ; non_zero_mask_percentage: 0.699 ; loss: 1.103
2020-11-29 23:32:30,488:INFO: - Eval metrics : accuracy: 0.687 ; non_zero_mask_percentage: 0.699 ; loss: 1.152
2020-11-29 23:32:30,498:INFO: Epoch 37/300
2020-11-29 23:33:18,465:INFO: - Train metrics: accuracy: 0.633 ; non_zero_mask_percentage: 0.699 ; loss: 1.204
2020-11-29 23:33:22,797:INFO: - Eval metrics : accuracy: 0.695 ; non_zero_mask_percentage: 0.699 ; loss: 1.111
2020-11-29 23:33:22,809:INFO: Epoch 38/300
2020-11-29 23:34:11,105:INFO: - Train metrics: accuracy: 0.688 ; non_zero_mask_percentage: 0.699 ; loss: 1.111
2020-11-29 23:34:15,314:INFO: - Eval metrics : accuracy: 0.702 ; non_zero_mask_percentage: 0.699 ; loss: 1.102
2020-11-29 23:34:15,325:INFO: - Found new best accuracy
2020-11-29 23:34:15,329:INFO: Epoch 39/300
2020-11-29 23:35:03,550:INFO: - Train metrics: accuracy: 0.695 ; non_zero_mask_percentage: 0.699 ; loss: 1.131
2020-11-29 23:35:07,745:INFO: - Eval metrics : accuracy: 0.705 ; non_zero_mask_percentage: 0.699 ; loss: 1.098
2020-11-29 23:35:07,757:INFO: - Found new best accuracy
2020-11-29 23:35:07,760:INFO: Epoch 40/300
2020-11-29 23:35:57,286:INFO: - Train metrics: accuracy: 0.660 ; non_zero_mask_percentage: 0.699 ; loss: 1.223
2020-11-29 23:36:01,955:INFO: - Eval metrics : accuracy: 0.691 ; non_zero_mask_percentage: 0.699 ; loss: 1.123
2020-11-29 23:36:01,969:INFO: Epoch 41/300
2020-11-29 23:36:52,524:INFO: - Train metrics: accuracy: 0.701 ; non_zero_mask_percentage: 0.699 ; loss: 1.110
2020-11-29 23:36:56,833:INFO: - Eval metrics : accuracy: 0.704 ; non_zero_mask_percentage: 0.699 ; loss: 1.081
2020-11-29 23:36:56,844:INFO: Epoch 42/300
2020-11-29 23:37:47,058:INFO: - Train metrics: accuracy: 0.703 ; non_zero_mask_percentage: 0.699 ; loss: 1.041
2020-11-29 23:37:51,468:INFO: - Eval metrics : accuracy: 0.703 ; non_zero_mask_percentage: 0.699 ; loss: 1.079
2020-11-29 23:37:51,478:INFO: Epoch 43/300
2020-11-29 23:38:41,966:INFO: - Train metrics: accuracy: 0.691 ; non_zero_mask_percentage: 0.699 ; loss: 1.090
2020-11-29 23:38:46,310:INFO: - Eval metrics : accuracy: 0.698 ; non_zero_mask_percentage: 0.699 ; loss: 1.080
2020-11-29 23:38:46,321:INFO: Epoch 44/300
2020-11-29 23:39:39,507:INFO: - Train metrics: accuracy: 0.697 ; non_zero_mask_percentage: 0.699 ; loss: 1.138
2020-11-29 23:39:45,423:INFO: - Eval metrics : accuracy: 0.707 ; non_zero_mask_percentage: 0.699 ; loss: 1.078
2020-11-29 23:39:45,440:INFO: - Found new best accuracy
2020-11-29 23:39:45,445:INFO: Epoch 45/300
2020-11-29 23:40:36,990:INFO: - Train metrics: accuracy: 0.697 ; non_zero_mask_percentage: 0.699 ; loss: 1.124
2020-11-29 23:40:41,182:INFO: - Eval metrics : accuracy: 0.703 ; non_zero_mask_percentage: 0.699 ; loss: 1.084
2020-11-29 23:40:41,192:INFO: Epoch 46/300
2020-11-29 23:41:31,740:INFO: - Train metrics: accuracy: 0.670 ; non_zero_mask_percentage: 0.699 ; loss: 1.148
2020-11-29 23:41:35,997:INFO: - Eval metrics : accuracy: 0.702 ; non_zero_mask_percentage: 0.699 ; loss: 1.081
2020-11-29 23:41:36,008:INFO: Epoch 47/300
2020-11-29 23:42:26,812:INFO: - Train metrics: accuracy: 0.707 ; non_zero_mask_percentage: 0.699 ; loss: 1.086
2020-11-29 23:42:31,034:INFO: - Eval metrics : accuracy: 0.711 ; non_zero_mask_percentage: 0.699 ; loss: 1.061
2020-11-29 23:42:31,048:INFO: - Found new best accuracy
2020-11-29 23:42:31,053:INFO: Epoch 48/300
2020-11-29 23:43:22,131:INFO: - Train metrics: accuracy: 0.674 ; non_zero_mask_percentage: 0.699 ; loss: 1.130
2020-11-29 23:43:26,363:INFO: - Eval metrics : accuracy: 0.710 ; non_zero_mask_percentage: 0.699 ; loss: 1.050
2020-11-29 23:43:26,374:INFO: Epoch 49/300
2020-11-29 23:44:16,956:INFO: - Train metrics: accuracy: 0.666 ; non_zero_mask_percentage: 0.699 ; loss: 1.177
2020-11-29 23:44:21,209:INFO: - Eval metrics : accuracy: 0.705 ; non_zero_mask_percentage: 0.699 ; loss: 1.062
2020-11-29 23:44:21,220:INFO: Epoch 50/300
2020-11-29 23:45:12,033:INFO: - Train metrics: accuracy: 0.652 ; non_zero_mask_percentage: 0.699 ; loss: 1.118
2020-11-29 23:45:16,363:INFO: - Eval metrics : accuracy: 0.702 ; non_zero_mask_percentage: 0.699 ; loss: 1.067
2020-11-29 23:45:16,373:INFO: Epoch 51/300
2020-11-29 23:46:07,338:INFO: - Train metrics: accuracy: 0.674 ; non_zero_mask_percentage: 0.699 ; loss: 1.174
2020-11-29 23:46:11,574:INFO: - Eval metrics : accuracy: 0.695 ; non_zero_mask_percentage: 0.699 ; loss: 1.078
2020-11-29 23:46:11,586:INFO: Epoch 52/300
2020-11-29 23:47:02,485:INFO: - Train metrics: accuracy: 0.684 ; non_zero_mask_percentage: 0.699 ; loss: 1.110
2020-11-29 23:47:06,776:INFO: - Eval metrics : accuracy: 0.693 ; non_zero_mask_percentage: 0.699 ; loss: 1.088
2020-11-29 23:47:06,787:INFO: Epoch 53/300
2020-11-29 23:47:57,492:INFO: - Train metrics: accuracy: 0.719 ; non_zero_mask_percentage: 0.699 ; loss: 1.031
2020-11-29 23:48:01,771:INFO: - Eval metrics : accuracy: 0.709 ; non_zero_mask_percentage: 0.699 ; loss: 1.050
2020-11-29 23:48:01,782:INFO: Epoch 54/300
2020-11-29 23:48:52,396:INFO: - Train metrics: accuracy: 0.688 ; non_zero_mask_percentage: 0.699 ; loss: 1.040
2020-11-29 23:48:56,655:INFO: - Eval metrics : accuracy: 0.706 ; non_zero_mask_percentage: 0.699 ; loss: 1.042
2020-11-29 23:48:56,666:INFO: Epoch 55/300
2020-11-29 23:49:47,596:INFO: - Train metrics: accuracy: 0.652 ; non_zero_mask_percentage: 0.699 ; loss: 1.180
2020-11-29 23:49:51,867:INFO: - Eval metrics : accuracy: 0.708 ; non_zero_mask_percentage: 0.699 ; loss: 1.045
2020-11-29 23:49:51,879:INFO: Epoch 56/300
2020-11-29 23:50:42,802:INFO: - Train metrics: accuracy: 0.658 ; non_zero_mask_percentage: 0.699 ; loss: 1.154
2020-11-29 23:50:47,103:INFO: - Eval metrics : accuracy: 0.704 ; non_zero_mask_percentage: 0.699 ; loss: 1.049
2020-11-29 23:50:47,114:INFO: Epoch 57/300
2020-11-29 23:51:38,246:INFO: - Train metrics: accuracy: 0.660 ; non_zero_mask_percentage: 0.699 ; loss: 1.167
2020-11-29 23:51:42,460:INFO: - Eval metrics : accuracy: 0.700 ; non_zero_mask_percentage: 0.699 ; loss: 1.065
2020-11-29 23:51:42,470:INFO: Epoch 58/300
2020-11-29 23:52:33,478:INFO: - Train metrics: accuracy: 0.680 ; non_zero_mask_percentage: 0.699 ; loss: 1.108
2020-11-29 23:52:37,721:INFO: - Eval metrics : accuracy: 0.715 ; non_zero_mask_percentage: 0.699 ; loss: 1.015
2020-11-29 23:52:37,733:INFO: - Found new best accuracy
2020-11-29 23:52:37,737:INFO: Epoch 59/300
2020-11-29 23:53:28,550:INFO: - Train metrics: accuracy: 0.693 ; non_zero_mask_percentage: 0.699 ; loss: 1.043
2020-11-29 23:53:32,875:INFO: - Eval metrics : accuracy: 0.700 ; non_zero_mask_percentage: 0.699 ; loss: 1.049
2020-11-29 23:53:32,887:INFO: Epoch 60/300
2020-11-29 23:54:24,129:INFO: - Train metrics: accuracy: 0.701 ; non_zero_mask_percentage: 0.699 ; loss: 1.036
2020-11-29 23:54:28,326:INFO: - Eval metrics : accuracy: 0.706 ; non_zero_mask_percentage: 0.698 ; loss: 1.036
2020-11-29 23:54:28,336:INFO: Epoch 61/300
2020-11-29 23:55:19,306:INFO: - Train metrics: accuracy: 0.695 ; non_zero_mask_percentage: 0.698 ; loss: 1.061
2020-11-29 23:55:23,563:INFO: - Eval metrics : accuracy: 0.704 ; non_zero_mask_percentage: 0.698 ; loss: 1.045
2020-11-29 23:55:23,573:INFO: Epoch 62/300
2020-11-29 23:56:16,291:INFO: - Train metrics: accuracy: 0.662 ; non_zero_mask_percentage: 0.698 ; loss: 1.086
2020-11-29 23:56:20,519:INFO: - Eval metrics : accuracy: 0.709 ; non_zero_mask_percentage: 0.698 ; loss: 1.030
2020-11-29 23:56:20,531:INFO: Epoch 63/300
2020-11-29 23:57:11,682:INFO: - Train metrics: accuracy: 0.695 ; non_zero_mask_percentage: 0.698 ; loss: 1.077
2020-11-29 23:57:16,107:INFO: - Eval metrics : accuracy: 0.716 ; non_zero_mask_percentage: 0.698 ; loss: 1.012
2020-11-29 23:57:16,119:INFO: - Found new best accuracy
2020-11-29 23:57:16,123:INFO: Epoch 64/300
2020-11-29 23:58:07,358:INFO: - Train metrics: accuracy: 0.744 ; non_zero_mask_percentage: 0.698 ; loss: 0.969
2020-11-29 23:58:11,646:INFO: - Eval metrics : accuracy: 0.709 ; non_zero_mask_percentage: 0.698 ; loss: 1.033
2020-11-29 23:58:11,658:INFO: Epoch 65/300
2020-11-29 23:59:02,790:INFO: - Train metrics: accuracy: 0.709 ; non_zero_mask_percentage: 0.698 ; loss: 1.015
2020-11-29 23:59:07,151:INFO: - Eval metrics : accuracy: 0.711 ; non_zero_mask_percentage: 0.698 ; loss: 1.025
2020-11-29 23:59:07,161:INFO: Epoch 66/300
2020-11-29 23:59:57,626:INFO: - Train metrics: accuracy: 0.686 ; non_zero_mask_percentage: 0.698 ; loss: 1.112
2020-11-30 00:00:02,372:INFO: - Eval metrics : accuracy: 0.707 ; non_zero_mask_percentage: 0.698 ; loss: 1.032
2020-11-30 00:00:02,382:INFO: Epoch 67/300
2020-11-30 00:00:56,551:INFO: - Train metrics: accuracy: 0.705 ; non_zero_mask_percentage: 0.698 ; loss: 1.057
2020-11-30 00:01:01,127:INFO: - Eval metrics : accuracy: 0.709 ; non_zero_mask_percentage: 0.698 ; loss: 1.025
2020-11-30 00:01:01,143:INFO: Epoch 68/300
2020-11-30 00:01:52,252:INFO: - Train metrics: accuracy: 0.703 ; non_zero_mask_percentage: 0.698 ; loss: 1.022
2020-11-30 00:01:56,780:INFO: - Eval metrics : accuracy: 0.707 ; non_zero_mask_percentage: 0.698 ; loss: 1.034
2020-11-30 00:01:56,790:INFO: Epoch 69/300
2020-11-30 00:02:47,908:INFO: - Train metrics: accuracy: 0.689 ; non_zero_mask_percentage: 0.698 ; loss: 1.068
2020-11-30 00:02:52,129:INFO: - Eval metrics : accuracy: 0.712 ; non_zero_mask_percentage: 0.698 ; loss: 1.019
2020-11-30 00:02:52,140:INFO: Epoch 70/300
2020-11-30 00:03:42,915:INFO: - Train metrics: accuracy: 0.709 ; non_zero_mask_percentage: 0.698 ; loss: 1.056
2020-11-30 00:03:47,200:INFO: - Eval metrics : accuracy: 0.713 ; non_zero_mask_percentage: 0.697 ; loss: 1.006
2020-11-30 00:03:47,210:INFO: Epoch 71/300
2020-11-30 00:04:38,478:INFO: - Train metrics: accuracy: 0.732 ; non_zero_mask_percentage: 0.697 ; loss: 1.016
2020-11-30 00:04:42,890:INFO: - Eval metrics : accuracy: 0.715 ; non_zero_mask_percentage: 0.697 ; loss: 1.022
2020-11-30 00:04:42,900:INFO: Epoch 72/300
2020-11-30 00:05:33,798:INFO: - Train metrics: accuracy: 0.682 ; non_zero_mask_percentage: 0.697 ; loss: 1.072
2020-11-30 00:05:38,113:INFO: - Eval metrics : accuracy: 0.722 ; non_zero_mask_percentage: 0.697 ; loss: 0.979
2020-11-30 00:05:38,125:INFO: - Found new best accuracy
2020-11-30 00:05:38,129:INFO: Epoch 73/300
2020-11-30 00:06:29,119:INFO: - Train metrics: accuracy: 0.723 ; non_zero_mask_percentage: 0.697 ; loss: 1.005
2020-11-30 00:06:33,403:INFO: - Eval metrics : accuracy: 0.703 ; non_zero_mask_percentage: 0.697 ; loss: 1.029
2020-11-30 00:06:33,413:INFO: Epoch 74/300
2020-11-30 00:07:24,843:INFO: - Train metrics: accuracy: 0.680 ; non_zero_mask_percentage: 0.697 ; loss: 1.084
2020-11-30 00:07:29,205:INFO: - Eval metrics : accuracy: 0.722 ; non_zero_mask_percentage: 0.697 ; loss: 0.987
2020-11-30 00:07:29,219:INFO: Epoch 75/300
2020-11-30 00:08:20,120:INFO: - Train metrics: accuracy: 0.738 ; non_zero_mask_percentage: 0.697 ; loss: 0.941
2020-11-30 00:08:24,473:INFO: - Eval metrics : accuracy: 0.719 ; non_zero_mask_percentage: 0.697 ; loss: 0.993
2020-11-30 00:08:24,484:INFO: Epoch 76/300
2020-11-30 00:09:15,805:INFO: - Train metrics: accuracy: 0.697 ; non_zero_mask_percentage: 0.697 ; loss: 1.023
2020-11-30 00:09:20,102:INFO: - Eval metrics : accuracy: 0.716 ; non_zero_mask_percentage: 0.696 ; loss: 1.005
2020-11-30 00:09:20,119:INFO: Epoch 77/300
2020-11-30 00:10:11,294:INFO: - Train metrics: accuracy: 0.672 ; non_zero_mask_percentage: 0.696 ; loss: 1.084
2020-11-30 00:10:15,537:INFO: - Eval metrics : accuracy: 0.724 ; non_zero_mask_percentage: 0.696 ; loss: 0.984
2020-11-30 00:10:15,554:INFO: - Found new best accuracy
2020-11-30 00:10:15,559:INFO: Epoch 78/300
2020-11-30 00:11:06,320:INFO: - Train metrics: accuracy: 0.705 ; non_zero_mask_percentage: 0.696 ; loss: 1.032
2020-11-30 00:11:10,480:INFO: - Eval metrics : accuracy: 0.713 ; non_zero_mask_percentage: 0.696 ; loss: 1.008
2020-11-30 00:11:10,492:INFO: Epoch 79/300
2020-11-30 00:12:01,687:INFO: - Train metrics: accuracy: 0.691 ; non_zero_mask_percentage: 0.696 ; loss: 1.107
2020-11-30 00:12:05,958:INFO: - Eval metrics : accuracy: 0.717 ; non_zero_mask_percentage: 0.696 ; loss: 0.996
2020-11-30 00:12:05,973:INFO: Epoch 80/300
2020-11-30 00:12:56,795:INFO: - Train metrics: accuracy: 0.719 ; non_zero_mask_percentage: 0.696 ; loss: 0.932
2020-11-30 00:13:01,107:INFO: - Eval metrics : accuracy: 0.713 ; non_zero_mask_percentage: 0.696 ; loss: 1.013
2020-11-30 00:13:01,118:INFO: Epoch 81/300
2020-11-30 00:13:51,869:INFO: - Train metrics: accuracy: 0.650 ; non_zero_mask_percentage: 0.695 ; loss: 1.128
2020-11-30 00:13:56,126:INFO: - Eval metrics : accuracy: 0.712 ; non_zero_mask_percentage: 0.695 ; loss: 1.011
2020-11-30 00:13:56,137:INFO: Epoch 82/300
2020-11-30 00:14:47,209:INFO: - Train metrics: accuracy: 0.715 ; non_zero_mask_percentage: 0.695 ; loss: 1.022
2020-11-30 00:14:51,539:INFO: - Eval metrics : accuracy: 0.713 ; non_zero_mask_percentage: 0.695 ; loss: 1.006
2020-11-30 00:14:51,550:INFO: Epoch 83/300
2020-11-30 00:15:42,558:INFO: - Train metrics: accuracy: 0.701 ; non_zero_mask_percentage: 0.695 ; loss: 0.987
2020-11-30 00:15:46,813:INFO: - Eval metrics : accuracy: 0.711 ; non_zero_mask_percentage: 0.695 ; loss: 1.002
2020-11-30 00:15:46,824:INFO: Epoch 84/300
2020-11-30 00:16:37,844:INFO: - Train metrics: accuracy: 0.717 ; non_zero_mask_percentage: 0.695 ; loss: 0.985
2020-11-30 00:16:42,189:INFO: - Eval metrics : accuracy: 0.714 ; non_zero_mask_percentage: 0.694 ; loss: 0.986
2020-11-30 00:16:42,199:INFO: Epoch 85/300
2020-11-30 00:17:32,984:INFO: - Train metrics: accuracy: 0.734 ; non_zero_mask_percentage: 0.694 ; loss: 0.941
2020-11-30 00:17:37,365:INFO: - Eval metrics : accuracy: 0.716 ; non_zero_mask_percentage: 0.694 ; loss: 1.004
2020-11-30 00:17:37,376:INFO: Epoch 86/300
2020-11-30 00:18:28,518:INFO: - Train metrics: accuracy: 0.715 ; non_zero_mask_percentage: 0.694 ; loss: 1.019
2020-11-30 00:18:32,899:INFO: - Eval metrics : accuracy: 0.720 ; non_zero_mask_percentage: 0.694 ; loss: 0.981
2020-11-30 00:18:32,910:INFO: Epoch 87/300
2020-11-30 00:19:23,681:INFO: - Train metrics: accuracy: 0.691 ; non_zero_mask_percentage: 0.694 ; loss: 1.004
2020-11-30 00:19:28,035:INFO: - Eval metrics : accuracy: 0.717 ; non_zero_mask_percentage: 0.694 ; loss: 0.988
2020-11-30 00:19:28,050:INFO: Epoch 88/300
2020-11-30 00:20:18,867:INFO: - Train metrics: accuracy: 0.707 ; non_zero_mask_percentage: 0.693 ; loss: 0.979
2020-11-30 00:20:26,294:INFO: - Eval metrics : accuracy: 0.716 ; non_zero_mask_percentage: 0.693 ; loss: 1.000
2020-11-30 00:20:26,306:INFO: Epoch 89/300
2020-11-30 00:21:17,076:INFO: - Train metrics: accuracy: 0.697 ; non_zero_mask_percentage: 0.693 ; loss: 1.007
2020-11-30 00:21:21,454:INFO: - Eval metrics : accuracy: 0.723 ; non_zero_mask_percentage: 0.693 ; loss: 0.969
2020-11-30 00:21:21,465:INFO: Epoch 90/300
2020-11-30 00:22:12,418:INFO: - Train metrics: accuracy: 0.713 ; non_zero_mask_percentage: 0.693 ; loss: 0.930
2020-11-30 00:22:16,638:INFO: - Eval metrics : accuracy: 0.719 ; non_zero_mask_percentage: 0.693 ; loss: 0.975
2020-11-30 00:22:16,649:INFO: Epoch 91/300
2020-11-30 00:23:07,114:INFO: - Train metrics: accuracy: 0.719 ; non_zero_mask_percentage: 0.692 ; loss: 1.014
2020-11-30 00:23:11,398:INFO: - Eval metrics : accuracy: 0.713 ; non_zero_mask_percentage: 0.692 ; loss: 0.984
2020-11-30 00:23:11,413:INFO: Epoch 92/300
2020-11-30 00:24:02,419:INFO: - Train metrics: accuracy: 0.730 ; non_zero_mask_percentage: 0.692 ; loss: 0.960
2020-11-30 00:24:06,685:INFO: - Eval metrics : accuracy: 0.724 ; non_zero_mask_percentage: 0.692 ; loss: 0.961
2020-11-30 00:24:06,700:INFO: - Found new best accuracy
2020-11-30 00:24:06,705:INFO: Epoch 93/300
2020-11-30 00:24:58,449:INFO: - Train metrics: accuracy: 0.695 ; non_zero_mask_percentage: 0.692 ; loss: 1.029
2020-11-30 00:25:02,736:INFO: - Eval metrics : accuracy: 0.712 ; non_zero_mask_percentage: 0.692 ; loss: 0.988
2020-11-30 00:25:02,746:INFO: Epoch 94/300
2020-11-30 00:25:53,299:INFO: - Train metrics: accuracy: 0.717 ; non_zero_mask_percentage: 0.691 ; loss: 0.996
2020-11-30 00:25:57,587:INFO: - Eval metrics : accuracy: 0.720 ; non_zero_mask_percentage: 0.691 ; loss: 0.973
2020-11-30 00:25:57,597:INFO: Epoch 95/300
2020-11-30 00:26:48,878:INFO: - Train metrics: accuracy: 0.760 ; non_zero_mask_percentage: 0.691 ; loss: 0.892
2020-11-30 00:26:53,270:INFO: - Eval metrics : accuracy: 0.717 ; non_zero_mask_percentage: 0.691 ; loss: 0.991
2020-11-30 00:26:53,281:INFO: Epoch 96/300
2020-11-30 00:27:44,656:INFO: - Train metrics: accuracy: 0.723 ; non_zero_mask_percentage: 0.691 ; loss: 0.985
2020-11-30 00:27:48,952:INFO: - Eval metrics : accuracy: 0.719 ; non_zero_mask_percentage: 0.690 ; loss: 0.974
2020-11-30 00:27:48,962:INFO: Epoch 97/300
2020-11-30 00:28:39,611:INFO: - Train metrics: accuracy: 0.701 ; non_zero_mask_percentage: 0.690 ; loss: 0.989
2020-11-30 00:28:43,944:INFO: - Eval metrics : accuracy: 0.722 ; non_zero_mask_percentage: 0.690 ; loss: 0.966
2020-11-30 00:28:43,956:INFO: Epoch 98/300
2020-11-30 00:29:34,371:INFO: - Train metrics: accuracy: 0.701 ; non_zero_mask_percentage: 0.690 ; loss: 0.983
2020-11-30 00:29:38,721:INFO: - Eval metrics : accuracy: 0.725 ; non_zero_mask_percentage: 0.689 ; loss: 0.960
2020-11-30 00:29:38,734:INFO: - Found new best accuracy
2020-11-30 00:29:38,739:INFO: Epoch 99/300
2020-11-30 00:30:29,785:INFO: - Train metrics: accuracy: 0.721 ; non_zero_mask_percentage: 0.689 ; loss: 0.938
2020-11-30 00:30:34,044:INFO: - Eval metrics : accuracy: 0.717 ; non_zero_mask_percentage: 0.689 ; loss: 0.976
2020-11-30 00:30:34,059:INFO: Epoch 100/300
2020-11-30 00:31:25,299:INFO: - Train metrics: accuracy: 0.719 ; non_zero_mask_percentage: 0.689 ; loss: 1.002
2020-11-30 00:31:29,544:INFO: - Eval metrics : accuracy: 0.717 ; non_zero_mask_percentage: 0.688 ; loss: 0.973
2020-11-30 00:31:29,557:INFO: Epoch 101/300
2020-11-30 00:32:20,624:INFO: - Train metrics: accuracy: 0.723 ; non_zero_mask_percentage: 0.688 ; loss: 1.041
2020-11-30 00:32:24,963:INFO: - Eval metrics : accuracy: 0.728 ; non_zero_mask_percentage: 0.688 ; loss: 0.952
2020-11-30 00:32:24,978:INFO: - Found new best accuracy
2020-11-30 00:32:24,983:INFO: Epoch 102/300
2020-11-30 00:33:15,836:INFO: - Train metrics: accuracy: 0.662 ; non_zero_mask_percentage: 0.688 ; loss: 1.085
2020-11-30 00:33:20,077:INFO: - Eval metrics : accuracy: 0.714 ; non_zero_mask_percentage: 0.688 ; loss: 0.987
2020-11-30 00:33:20,087:INFO: Epoch 103/300
2020-11-30 00:34:10,796:INFO: - Train metrics: accuracy: 0.689 ; non_zero_mask_percentage: 0.688 ; loss: 1.042
2020-11-30 00:34:15,098:INFO: - Eval metrics : accuracy: 0.729 ; non_zero_mask_percentage: 0.687 ; loss: 0.954
2020-11-30 00:34:15,111:INFO: - Found new best accuracy
2020-11-30 00:34:15,115:INFO: Epoch 104/300
2020-11-30 00:35:06,247:INFO: - Train metrics: accuracy: 0.703 ; non_zero_mask_percentage: 0.687 ; loss: 1.010
2020-11-30 00:35:10,584:INFO: - Eval metrics : accuracy: 0.717 ; non_zero_mask_percentage: 0.687 ; loss: 0.968
2020-11-30 00:35:10,594:INFO: Epoch 105/300
2020-11-30 00:36:01,346:INFO: - Train metrics: accuracy: 0.732 ; non_zero_mask_percentage: 0.687 ; loss: 0.916
2020-11-30 00:36:05,668:INFO: - Eval metrics : accuracy: 0.711 ; non_zero_mask_percentage: 0.686 ; loss: 0.986
2020-11-30 00:36:05,678:INFO: Epoch 106/300
2020-11-30 00:36:56,677:INFO: - Train metrics: accuracy: 0.717 ; non_zero_mask_percentage: 0.686 ; loss: 0.987
2020-11-30 00:37:01,132:INFO: - Eval metrics : accuracy: 0.716 ; non_zero_mask_percentage: 0.686 ; loss: 0.963
2020-11-30 00:37:01,143:INFO: Epoch 107/300
2020-11-30 00:37:52,314:INFO: - Train metrics: accuracy: 0.689 ; non_zero_mask_percentage: 0.685 ; loss: 1.022
2020-11-30 00:37:56,640:INFO: - Eval metrics : accuracy: 0.712 ; non_zero_mask_percentage: 0.685 ; loss: 0.977
2020-11-30 00:37:56,651:INFO: Epoch 108/300
2020-11-30 00:38:47,186:INFO: - Train metrics: accuracy: 0.691 ; non_zero_mask_percentage: 0.685 ; loss: 1.001
2020-11-30 00:38:51,554:INFO: - Eval metrics : accuracy: 0.726 ; non_zero_mask_percentage: 0.685 ; loss: 0.944
2020-11-30 00:38:51,564:INFO: Epoch 109/300
2020-11-30 00:39:45,045:INFO: - Train metrics: accuracy: 0.713 ; non_zero_mask_percentage: 0.684 ; loss: 0.936
2020-11-30 00:39:50,300:INFO: - Eval metrics : accuracy: 0.724 ; non_zero_mask_percentage: 0.684 ; loss: 0.945
2020-11-30 00:39:50,315:INFO: Epoch 110/300
2020-11-30 00:40:42,410:INFO: - Train metrics: accuracy: 0.715 ; non_zero_mask_percentage: 0.684 ; loss: 0.943
2020-11-30 00:40:46,956:INFO: - Eval metrics : accuracy: 0.710 ; non_zero_mask_percentage: 0.684 ; loss: 0.985
2020-11-30 00:40:46,967:INFO: Epoch 111/300
2020-11-30 00:41:37,745:INFO: - Train metrics: accuracy: 0.770 ; non_zero_mask_percentage: 0.683 ; loss: 0.883
2020-11-30 00:41:42,028:INFO: - Eval metrics : accuracy: 0.720 ; non_zero_mask_percentage: 0.683 ; loss: 0.951
2020-11-30 00:41:42,043:INFO: Epoch 112/300
2020-11-30 00:42:32,860:INFO: - Train metrics: accuracy: 0.723 ; non_zero_mask_percentage: 0.683 ; loss: 0.922
2020-11-30 00:42:37,112:INFO: - Eval metrics : accuracy: 0.722 ; non_zero_mask_percentage: 0.682 ; loss: 0.950
2020-11-30 00:42:37,122:INFO: Epoch 113/300
2020-11-30 00:43:28,068:INFO: - Train metrics: accuracy: 0.697 ; non_zero_mask_percentage: 0.682 ; loss: 1.039
2020-11-30 00:43:32,373:INFO: - Eval metrics : accuracy: 0.717 ; non_zero_mask_percentage: 0.682 ; loss: 0.970
2020-11-30 00:43:32,383:INFO: Epoch 114/300
2020-11-30 00:44:23,166:INFO: - Train metrics: accuracy: 0.697 ; non_zero_mask_percentage: 0.681 ; loss: 1.033
2020-11-30 00:44:27,624:INFO: - Eval metrics : accuracy: 0.724 ; non_zero_mask_percentage: 0.681 ; loss: 0.948
2020-11-30 00:44:27,634:INFO: Epoch 115/300
2020-11-30 00:45:18,507:INFO: - Train metrics: accuracy: 0.721 ; non_zero_mask_percentage: 0.681 ; loss: 0.938
2020-11-30 00:45:22,863:INFO: - Eval metrics : accuracy: 0.723 ; non_zero_mask_percentage: 0.681 ; loss: 0.946
2020-11-30 00:45:22,874:INFO: Epoch 116/300
2020-11-30 00:46:13,721:INFO: - Train metrics: accuracy: 0.699 ; non_zero_mask_percentage: 0.681 ; loss: 0.987
2020-11-30 00:46:18,131:INFO: - Eval metrics : accuracy: 0.733 ; non_zero_mask_percentage: 0.680 ; loss: 0.927
2020-11-30 00:46:18,146:INFO: - Found new best accuracy
2020-11-30 00:46:18,150:INFO: Epoch 117/300
2020-11-30 00:47:08,623:INFO: - Train metrics: accuracy: 0.705 ; non_zero_mask_percentage: 0.680 ; loss: 0.971
2020-11-30 00:47:13,014:INFO: - Eval metrics : accuracy: 0.726 ; non_zero_mask_percentage: 0.680 ; loss: 0.930
2020-11-30 00:47:13,028:INFO: Epoch 118/300
2020-11-30 00:48:03,781:INFO: - Train metrics: accuracy: 0.703 ; non_zero_mask_percentage: 0.679 ; loss: 0.976
2020-11-30 00:48:08,222:INFO: - Eval metrics : accuracy: 0.714 ; non_zero_mask_percentage: 0.679 ; loss: 0.971
2020-11-30 00:48:08,232:INFO: Epoch 119/300
2020-11-30 00:48:59,396:INFO: - Train metrics: accuracy: 0.703 ; non_zero_mask_percentage: 0.679 ; loss: 1.002
2020-11-30 00:49:03,663:INFO: - Eval metrics : accuracy: 0.725 ; non_zero_mask_percentage: 0.679 ; loss: 0.937
2020-11-30 00:49:03,675:INFO: Epoch 120/300
2020-11-30 00:49:53,934:INFO: - Train metrics: accuracy: 0.738 ; non_zero_mask_percentage: 0.678 ; loss: 0.909
2020-11-30 00:49:58,207:INFO: - Eval metrics : accuracy: 0.727 ; non_zero_mask_percentage: 0.678 ; loss: 0.934
2020-11-30 00:49:58,219:INFO: Epoch 121/300
2020-11-30 00:50:49,284:INFO: - Train metrics: accuracy: 0.717 ; non_zero_mask_percentage: 0.678 ; loss: 0.930
2020-11-30 00:50:53,729:INFO: - Eval metrics : accuracy: 0.721 ; non_zero_mask_percentage: 0.677 ; loss: 0.946
2020-11-30 00:50:53,741:INFO: Epoch 122/300
2020-11-30 00:51:44,955:INFO: - Train metrics: accuracy: 0.715 ; non_zero_mask_percentage: 0.677 ; loss: 0.971
2020-11-30 00:51:49,373:INFO: - Eval metrics : accuracy: 0.721 ; non_zero_mask_percentage: 0.677 ; loss: 0.945
2020-11-30 00:51:49,384:INFO: Epoch 123/300
2020-11-30 00:52:40,147:INFO: - Train metrics: accuracy: 0.695 ; non_zero_mask_percentage: 0.676 ; loss: 0.993
2020-11-30 00:52:44,506:INFO: - Eval metrics : accuracy: 0.734 ; non_zero_mask_percentage: 0.676 ; loss: 0.926
2020-11-30 00:52:44,518:INFO: - Found new best accuracy
2020-11-30 00:52:44,523:INFO: Epoch 124/300
2020-11-30 00:53:35,035:INFO: - Train metrics: accuracy: 0.672 ; non_zero_mask_percentage: 0.676 ; loss: 1.052
2020-11-30 00:53:39,345:INFO: - Eval metrics : accuracy: 0.721 ; non_zero_mask_percentage: 0.675 ; loss: 0.950
2020-11-30 00:53:39,354:INFO: Epoch 125/300
2020-11-30 00:54:30,431:INFO: - Train metrics: accuracy: 0.713 ; non_zero_mask_percentage: 0.675 ; loss: 0.997
2020-11-30 00:54:35,209:INFO: - Eval metrics : accuracy: 0.726 ; non_zero_mask_percentage: 0.675 ; loss: 0.934
2020-11-30 00:54:35,224:INFO: Epoch 126/300
2020-11-30 00:55:26,524:INFO: - Train metrics: accuracy: 0.670 ; non_zero_mask_percentage: 0.675 ; loss: 1.030
2020-11-30 00:55:30,930:INFO: - Eval metrics : accuracy: 0.730 ; non_zero_mask_percentage: 0.674 ; loss: 0.928
2020-11-30 00:55:30,941:INFO: Epoch 127/300
2020-11-30 00:56:21,889:INFO: - Train metrics: accuracy: 0.725 ; non_zero_mask_percentage: 0.674 ; loss: 0.987
2020-11-30 00:56:26,259:INFO: - Eval metrics : accuracy: 0.713 ; non_zero_mask_percentage: 0.674 ; loss: 0.965
2020-11-30 00:56:26,270:INFO: Epoch 128/300
2020-11-30 00:57:16,786:INFO: - Train metrics: accuracy: 0.686 ; non_zero_mask_percentage: 0.673 ; loss: 1.034
2020-11-30 00:57:21,249:INFO: - Eval metrics : accuracy: 0.729 ; non_zero_mask_percentage: 0.673 ; loss: 0.932
2020-11-30 00:57:21,259:INFO: Epoch 129/300
2020-11-30 00:58:14,912:INFO: - Train metrics: accuracy: 0.730 ; non_zero_mask_percentage: 0.673 ; loss: 0.903
2020-11-30 00:58:19,166:INFO: - Eval metrics : accuracy: 0.728 ; non_zero_mask_percentage: 0.672 ; loss: 0.925
2020-11-30 00:58:19,178:INFO: Epoch 130/300
2020-11-30 00:59:09,813:INFO: - Train metrics: accuracy: 0.717 ; non_zero_mask_percentage: 0.672 ; loss: 0.982
2020-11-30 00:59:14,195:INFO: - Eval metrics : accuracy: 0.721 ; non_zero_mask_percentage: 0.672 ; loss: 0.945
2020-11-30 00:59:14,204:INFO: Epoch 131/300
2020-11-30 01:00:05,375:INFO: - Train metrics: accuracy: 0.697 ; non_zero_mask_percentage: 0.672 ; loss: 0.978
2020-11-30 01:00:09,653:INFO: - Eval metrics : accuracy: 0.720 ; non_zero_mask_percentage: 0.671 ; loss: 0.955
2020-11-30 01:00:09,667:INFO: Epoch 132/300
2020-11-30 01:01:00,640:INFO: - Train metrics: accuracy: 0.693 ; non_zero_mask_percentage: 0.671 ; loss: 1.001
2020-11-30 01:01:04,803:INFO: - Eval metrics : accuracy: 0.730 ; non_zero_mask_percentage: 0.671 ; loss: 0.937
2020-11-30 01:01:04,815:INFO: Epoch 133/300
2020-11-30 01:01:56,253:INFO: - Train metrics: accuracy: 0.693 ; non_zero_mask_percentage: 0.671 ; loss: 0.974
2020-11-30 01:02:00,519:INFO: - Eval metrics : accuracy: 0.723 ; non_zero_mask_percentage: 0.670 ; loss: 0.946
2020-11-30 01:02:00,530:INFO: Epoch 134/300
2020-11-30 01:02:51,253:INFO: - Train metrics: accuracy: 0.719 ; non_zero_mask_percentage: 0.670 ; loss: 0.954
2020-11-30 01:02:55,625:INFO: - Eval metrics : accuracy: 0.722 ; non_zero_mask_percentage: 0.670 ; loss: 0.947
2020-11-30 01:02:55,635:INFO: Epoch 135/300
2020-11-30 01:03:46,588:INFO: - Train metrics: accuracy: 0.701 ; non_zero_mask_percentage: 0.669 ; loss: 0.956
2020-11-30 01:03:51,024:INFO: - Eval metrics : accuracy: 0.722 ; non_zero_mask_percentage: 0.669 ; loss: 0.951
2020-11-30 01:03:51,041:INFO: Epoch 136/300
2020-11-30 01:04:42,160:INFO: - Train metrics: accuracy: 0.719 ; non_zero_mask_percentage: 0.669 ; loss: 0.963
2020-11-30 01:04:46,625:INFO: - Eval metrics : accuracy: 0.726 ; non_zero_mask_percentage: 0.668 ; loss: 0.921
2020-11-30 01:04:46,634:INFO: Epoch 137/300
2020-11-30 01:05:39,357:INFO: - Train metrics: accuracy: 0.699 ; non_zero_mask_percentage: 0.668 ; loss: 1.003
2020-11-30 01:05:43,757:INFO: - Eval metrics : accuracy: 0.723 ; non_zero_mask_percentage: 0.668 ; loss: 0.931
2020-11-30 01:05:43,768:INFO: Epoch 138/300
2020-11-30 01:06:35,098:INFO: - Train metrics: accuracy: 0.729 ; non_zero_mask_percentage: 0.668 ; loss: 0.888
2020-11-30 01:06:39,432:INFO: - Eval metrics : accuracy: 0.725 ; non_zero_mask_percentage: 0.667 ; loss: 0.934
2020-11-30 01:06:39,445:INFO: Epoch 139/300
2020-11-30 01:07:31,048:INFO: - Train metrics: accuracy: 0.664 ; non_zero_mask_percentage: 0.667 ; loss: 1.077
2020-11-30 01:07:35,393:INFO: - Eval metrics : accuracy: 0.726 ; non_zero_mask_percentage: 0.667 ; loss: 0.933
2020-11-30 01:07:35,404:INFO: Epoch 140/300
2020-11-30 01:08:26,584:INFO: - Train metrics: accuracy: 0.744 ; non_zero_mask_percentage: 0.666 ; loss: 0.856
2020-11-30 01:08:30,752:INFO: - Eval metrics : accuracy: 0.728 ; non_zero_mask_percentage: 0.666 ; loss: 0.923
2020-11-30 01:08:30,762:INFO: Epoch 141/300
2020-11-30 01:09:23,334:INFO: - Train metrics: accuracy: 0.709 ; non_zero_mask_percentage: 0.665 ; loss: 0.929
2020-11-30 01:09:27,860:INFO: - Eval metrics : accuracy: 0.728 ; non_zero_mask_percentage: 0.665 ; loss: 0.922
2020-11-30 01:09:27,871:INFO: Epoch 142/300
2020-11-30 01:10:19,586:INFO: - Train metrics: accuracy: 0.709 ; non_zero_mask_percentage: 0.665 ; loss: 0.950
2020-11-30 01:10:24,013:INFO: - Eval metrics : accuracy: 0.720 ; non_zero_mask_percentage: 0.665 ; loss: 0.936
2020-11-30 01:10:24,025:INFO: Epoch 143/300
2020-11-30 01:11:14,878:INFO: - Train metrics: accuracy: 0.703 ; non_zero_mask_percentage: 0.664 ; loss: 0.989
2020-11-30 01:11:19,195:INFO: - Eval metrics : accuracy: 0.723 ; non_zero_mask_percentage: 0.664 ; loss: 0.928
2020-11-30 01:11:19,206:INFO: Epoch 144/300
2020-11-30 01:12:10,578:INFO: - Train metrics: accuracy: 0.727 ; non_zero_mask_percentage: 0.664 ; loss: 0.967
2020-11-30 01:12:15,083:INFO: - Eval metrics : accuracy: 0.723 ; non_zero_mask_percentage: 0.663 ; loss: 0.935
2020-11-30 01:12:15,093:INFO: Epoch 145/300
2020-11-30 01:13:05,816:INFO: - Train metrics: accuracy: 0.682 ; non_zero_mask_percentage: 0.663 ; loss: 0.994
2020-11-30 01:13:10,124:INFO: - Eval metrics : accuracy: 0.732 ; non_zero_mask_percentage: 0.663 ; loss: 0.906
2020-11-30 01:13:10,134:INFO: Epoch 146/300
2020-11-30 01:14:01,209:INFO: - Train metrics: accuracy: 0.719 ; non_zero_mask_percentage: 0.662 ; loss: 0.905
2020-11-30 01:14:05,523:INFO: - Eval metrics : accuracy: 0.725 ; non_zero_mask_percentage: 0.662 ; loss: 0.934
2020-11-30 01:14:05,538:INFO: Epoch 147/300
2020-11-30 01:14:56,827:INFO: - Train metrics: accuracy: 0.703 ; non_zero_mask_percentage: 0.662 ; loss: 0.930
2020-11-30 01:15:01,208:INFO: - Eval metrics : accuracy: 0.727 ; non_zero_mask_percentage: 0.661 ; loss: 0.919
2020-11-30 01:15:01,223:INFO: Epoch 148/300
2020-11-30 01:15:52,179:INFO: - Train metrics: accuracy: 0.727 ; non_zero_mask_percentage: 0.661 ; loss: 0.913
2020-11-30 01:15:56,421:INFO: - Eval metrics : accuracy: 0.717 ; non_zero_mask_percentage: 0.661 ; loss: 0.944
2020-11-30 01:15:56,435:INFO: Epoch 149/300
2020-11-30 01:16:47,732:INFO: - Train metrics: accuracy: 0.684 ; non_zero_mask_percentage: 0.661 ; loss: 0.944
2020-11-30 01:16:52,152:INFO: - Eval metrics : accuracy: 0.732 ; non_zero_mask_percentage: 0.660 ; loss: 0.916
2020-11-30 01:16:52,164:INFO: Epoch 150/300
2020-11-30 01:17:43,493:INFO: - Train metrics: accuracy: 0.715 ; non_zero_mask_percentage: 0.660 ; loss: 0.936
2020-11-30 01:17:47,755:INFO: - Eval metrics : accuracy: 0.722 ; non_zero_mask_percentage: 0.660 ; loss: 0.931
2020-11-30 01:17:47,766:INFO: Epoch 151/300
2020-11-30 01:18:39,126:INFO: - Train metrics: accuracy: 0.693 ; non_zero_mask_percentage: 0.659 ; loss: 0.992
2020-11-30 01:18:43,496:INFO: - Eval metrics : accuracy: 0.725 ; non_zero_mask_percentage: 0.659 ; loss: 0.934
2020-11-30 01:18:43,511:INFO: Epoch 152/300
2020-11-30 01:19:34,608:INFO: - Train metrics: accuracy: 0.705 ; non_zero_mask_percentage: 0.659 ; loss: 0.964
2020-11-30 01:19:38,945:INFO: - Eval metrics : accuracy: 0.732 ; non_zero_mask_percentage: 0.659 ; loss: 0.922
2020-11-30 01:19:38,957:INFO: Epoch 153/300
2020-11-30 01:20:30,300:INFO: - Train metrics: accuracy: 0.719 ; non_zero_mask_percentage: 0.658 ; loss: 0.894
2020-11-30 01:20:34,642:INFO: - Eval metrics : accuracy: 0.727 ; non_zero_mask_percentage: 0.658 ; loss: 0.920
2020-11-30 01:20:34,657:INFO: Epoch 154/300
2020-11-30 01:21:26,729:INFO: - Train metrics: accuracy: 0.727 ; non_zero_mask_percentage: 0.658 ; loss: 0.961
2020-11-30 01:21:31,159:INFO: - Eval metrics : accuracy: 0.723 ; non_zero_mask_percentage: 0.657 ; loss: 0.936
2020-11-30 01:21:31,169:INFO: Epoch 155/300
2020-11-30 01:22:23,375:INFO: - Train metrics: accuracy: 0.707 ; non_zero_mask_percentage: 0.657 ; loss: 0.942
2020-11-30 01:22:27,951:INFO: - Eval metrics : accuracy: 0.728 ; non_zero_mask_percentage: 0.657 ; loss: 0.918
2020-11-30 01:22:27,963:INFO: Epoch 156/300
2020-11-30 01:23:20,059:INFO: - Train metrics: accuracy: 0.734 ; non_zero_mask_percentage: 0.656 ; loss: 0.910
2020-11-30 01:23:24,510:INFO: - Eval metrics : accuracy: 0.728 ; non_zero_mask_percentage: 0.656 ; loss: 0.915
2020-11-30 01:23:24,520:INFO: Epoch 157/300
2020-11-30 01:24:16,716:INFO: - Train metrics: accuracy: 0.766 ; non_zero_mask_percentage: 0.656 ; loss: 0.873
2020-11-30 01:24:21,273:INFO: - Eval metrics : accuracy: 0.731 ; non_zero_mask_percentage: 0.655 ; loss: 0.910
2020-11-30 01:24:21,284:INFO: Epoch 158/300
2020-11-30 01:25:12,629:INFO: - Train metrics: accuracy: 0.688 ; non_zero_mask_percentage: 0.655 ; loss: 1.042
2020-11-30 01:25:16,847:INFO: - Eval metrics : accuracy: 0.725 ; non_zero_mask_percentage: 0.655 ; loss: 0.926
2020-11-30 01:25:16,856:INFO: Epoch 159/300
2020-11-30 01:26:08,201:INFO: - Train metrics: accuracy: 0.684 ; non_zero_mask_percentage: 0.655 ; loss: 0.998
2020-11-30 01:26:12,411:INFO: - Eval metrics : accuracy: 0.729 ; non_zero_mask_percentage: 0.654 ; loss: 0.908
2020-11-30 01:26:12,426:INFO: Epoch 160/300
2020-11-30 01:27:03,386:INFO: - Train metrics: accuracy: 0.709 ; non_zero_mask_percentage: 0.654 ; loss: 0.947
2020-11-30 01:27:07,687:INFO: - Eval metrics : accuracy: 0.728 ; non_zero_mask_percentage: 0.654 ; loss: 0.909
2020-11-30 01:27:07,701:INFO: Epoch 161/300
2020-11-30 01:27:58,903:INFO: - Train metrics: accuracy: 0.750 ; non_zero_mask_percentage: 0.653 ; loss: 0.862
2020-11-30 01:28:03,286:INFO: - Eval metrics : accuracy: 0.718 ; non_zero_mask_percentage: 0.653 ; loss: 0.927
2020-11-30 01:28:03,296:INFO: Epoch 162/300
2020-11-30 01:28:54,557:INFO: - Train metrics: accuracy: 0.729 ; non_zero_mask_percentage: 0.652 ; loss: 0.865
2020-11-30 01:28:58,918:INFO: - Eval metrics : accuracy: 0.727 ; non_zero_mask_percentage: 0.652 ; loss: 0.920
2020-11-30 01:28:58,930:INFO: Epoch 163/300
2020-11-30 01:29:49,593:INFO: - Train metrics: accuracy: 0.736 ; non_zero_mask_percentage: 0.652 ; loss: 0.916
2020-11-30 01:29:53,733:INFO: - Eval metrics : accuracy: 0.728 ; non_zero_mask_percentage: 0.651 ; loss: 0.920
2020-11-30 01:29:53,744:INFO: Epoch 164/300
2020-11-30 01:30:45,291:INFO: - Train metrics: accuracy: 0.729 ; non_zero_mask_percentage: 0.651 ; loss: 0.902
2020-11-30 01:30:49,768:INFO: - Eval metrics : accuracy: 0.731 ; non_zero_mask_percentage: 0.651 ; loss: 0.907
2020-11-30 01:30:49,777:INFO: Epoch 165/300
2020-11-30 01:31:40,727:INFO: - Train metrics: accuracy: 0.760 ; non_zero_mask_percentage: 0.651 ; loss: 0.809
2020-11-30 01:31:45,015:INFO: - Eval metrics : accuracy: 0.720 ; non_zero_mask_percentage: 0.651 ; loss: 0.948
2020-11-30 01:31:45,029:INFO: Epoch 166/300
2020-11-30 01:32:36,216:INFO: - Train metrics: accuracy: 0.748 ; non_zero_mask_percentage: 0.650 ; loss: 0.869
2020-11-30 01:32:40,508:INFO: - Eval metrics : accuracy: 0.732 ; non_zero_mask_percentage: 0.650 ; loss: 0.910
2020-11-30 01:32:40,517:INFO: Epoch 167/300
2020-11-30 01:33:31,730:INFO: - Train metrics: accuracy: 0.721 ; non_zero_mask_percentage: 0.649 ; loss: 0.918
2020-11-30 01:33:36,006:INFO: - Eval metrics : accuracy: 0.727 ; non_zero_mask_percentage: 0.649 ; loss: 0.904
2020-11-30 01:33:36,017:INFO: Epoch 168/300
2020-11-30 01:34:26,794:INFO: - Train metrics: accuracy: 0.711 ; non_zero_mask_percentage: 0.649 ; loss: 0.919
2020-11-30 01:34:31,205:INFO: - Eval metrics : accuracy: 0.732 ; non_zero_mask_percentage: 0.648 ; loss: 0.897
2020-11-30 01:34:31,216:INFO: Epoch 169/300
2020-11-30 01:35:22,457:INFO: - Train metrics: accuracy: 0.713 ; non_zero_mask_percentage: 0.648 ; loss: 0.908
2020-11-30 01:35:26,810:INFO: - Eval metrics : accuracy: 0.724 ; non_zero_mask_percentage: 0.648 ; loss: 0.912
2020-11-30 01:35:26,819:INFO: Epoch 170/300
2020-11-30 01:36:17,959:INFO: - Train metrics: accuracy: 0.701 ; non_zero_mask_percentage: 0.647 ; loss: 0.922
2020-11-30 01:36:22,631:INFO: - Eval metrics : accuracy: 0.729 ; non_zero_mask_percentage: 0.647 ; loss: 0.904
2020-11-30 01:36:22,645:INFO: Epoch 171/300
2020-11-30 01:37:17,085:INFO: - Train metrics: accuracy: 0.742 ; non_zero_mask_percentage: 0.647 ; loss: 0.823
2020-11-30 01:37:21,536:INFO: - Eval metrics : accuracy: 0.722 ; non_zero_mask_percentage: 0.646 ; loss: 0.922
2020-11-30 01:37:21,547:INFO: Epoch 172/300
2020-11-30 01:38:12,849:INFO: - Train metrics: accuracy: 0.721 ; non_zero_mask_percentage: 0.646 ; loss: 0.962
2020-11-30 01:38:17,307:INFO: - Eval metrics : accuracy: 0.724 ; non_zero_mask_percentage: 0.646 ; loss: 0.914
2020-11-30 01:38:17,318:INFO: Epoch 173/300
2020-11-30 01:39:08,433:INFO: - Train metrics: accuracy: 0.715 ; non_zero_mask_percentage: 0.645 ; loss: 0.898
2020-11-30 01:39:12,749:INFO: - Eval metrics : accuracy: 0.729 ; non_zero_mask_percentage: 0.645 ; loss: 0.897
2020-11-30 01:39:12,759:INFO: Epoch 174/300
2020-11-30 01:40:06,437:INFO: - Train metrics: accuracy: 0.730 ; non_zero_mask_percentage: 0.645 ; loss: 0.907
2020-11-30 01:40:10,810:INFO: - Eval metrics : accuracy: 0.729 ; non_zero_mask_percentage: 0.644 ; loss: 0.911
2020-11-30 01:40:10,820:INFO: Epoch 175/300
2020-11-30 01:41:01,798:INFO: - Train metrics: accuracy: 0.684 ; non_zero_mask_percentage: 0.644 ; loss: 0.958
2020-11-30 01:41:06,243:INFO: - Eval metrics : accuracy: 0.732 ; non_zero_mask_percentage: 0.644 ; loss: 0.900
2020-11-30 01:41:06,255:INFO: Epoch 176/300
2020-11-30 01:41:57,977:INFO: - Train metrics: accuracy: 0.715 ; non_zero_mask_percentage: 0.644 ; loss: 0.963
2020-11-30 01:42:02,268:INFO: - Eval metrics : accuracy: 0.720 ; non_zero_mask_percentage: 0.643 ; loss: 0.927
2020-11-30 01:42:02,278:INFO: Epoch 177/300
2020-11-30 01:42:52,988:INFO: - Train metrics: accuracy: 0.723 ; non_zero_mask_percentage: 0.643 ; loss: 0.903
2020-11-30 01:42:57,366:INFO: - Eval metrics : accuracy: 0.729 ; non_zero_mask_percentage: 0.643 ; loss: 0.895
2020-11-30 01:42:57,380:INFO: Epoch 178/300
2020-11-30 01:43:48,184:INFO: - Train metrics: accuracy: 0.703 ; non_zero_mask_percentage: 0.642 ; loss: 0.921
2020-11-30 01:43:52,553:INFO: - Eval metrics : accuracy: 0.728 ; non_zero_mask_percentage: 0.642 ; loss: 0.901
2020-11-30 01:43:52,564:INFO: Epoch 179/300
2020-11-30 01:44:43,778:INFO: - Train metrics: accuracy: 0.713 ; non_zero_mask_percentage: 0.642 ; loss: 0.884
2020-11-30 01:44:48,166:INFO: - Eval metrics : accuracy: 0.736 ; non_zero_mask_percentage: 0.641 ; loss: 0.887
2020-11-30 01:44:48,178:INFO: - Found new best accuracy
2020-11-30 01:44:48,183:INFO: Epoch 180/300
2020-11-30 01:45:39,173:INFO: - Train metrics: accuracy: 0.707 ; non_zero_mask_percentage: 0.641 ; loss: 0.974
2020-11-30 01:45:43,475:INFO: - Eval metrics : accuracy: 0.724 ; non_zero_mask_percentage: 0.641 ; loss: 0.901
2020-11-30 01:45:43,486:INFO: Epoch 181/300
2020-11-30 01:46:34,782:INFO: - Train metrics: accuracy: 0.725 ; non_zero_mask_percentage: 0.640 ; loss: 0.923
2020-11-30 01:46:39,137:INFO: - Eval metrics : accuracy: 0.728 ; non_zero_mask_percentage: 0.640 ; loss: 0.915
2020-11-30 01:46:39,147:INFO: Epoch 182/300
2020-11-30 01:47:30,577:INFO: - Train metrics: accuracy: 0.727 ; non_zero_mask_percentage: 0.640 ; loss: 0.937
2020-11-30 01:47:34,994:INFO: - Eval metrics : accuracy: 0.727 ; non_zero_mask_percentage: 0.640 ; loss: 0.913
2020-11-30 01:47:35,009:INFO: Epoch 183/300
2020-11-30 01:48:25,913:INFO: - Train metrics: accuracy: 0.715 ; non_zero_mask_percentage: 0.640 ; loss: 0.832
2020-11-30 01:48:30,294:INFO: - Eval metrics : accuracy: 0.732 ; non_zero_mask_percentage: 0.639 ; loss: 0.894
2020-11-30 01:48:30,305:INFO: Epoch 184/300
2020-11-30 01:49:21,764:INFO: - Train metrics: accuracy: 0.713 ; non_zero_mask_percentage: 0.639 ; loss: 0.939
2020-11-30 01:49:26,141:INFO: - Eval metrics : accuracy: 0.734 ; non_zero_mask_percentage: 0.639 ; loss: 0.888
2020-11-30 01:49:26,151:INFO: Epoch 185/300
2020-11-30 01:50:16,987:INFO: - Train metrics: accuracy: 0.701 ; non_zero_mask_percentage: 0.639 ; loss: 0.988
2020-11-30 01:50:21,316:INFO: - Eval metrics : accuracy: 0.729 ; non_zero_mask_percentage: 0.638 ; loss: 0.897
2020-11-30 01:50:21,325:INFO: Epoch 186/300
2020-11-30 01:51:12,754:INFO: - Train metrics: accuracy: 0.746 ; non_zero_mask_percentage: 0.638 ; loss: 0.872
2020-11-30 01:51:17,130:INFO: - Eval metrics : accuracy: 0.739 ; non_zero_mask_percentage: 0.638 ; loss: 0.879
2020-11-30 01:51:17,143:INFO: - Found new best accuracy
2020-11-30 01:51:17,147:INFO: Epoch 187/300
2020-11-30 01:52:08,328:INFO: - Train metrics: accuracy: 0.732 ; non_zero_mask_percentage: 0.638 ; loss: 0.868
2020-11-30 01:52:12,630:INFO: - Eval metrics : accuracy: 0.729 ; non_zero_mask_percentage: 0.637 ; loss: 0.897
2020-11-30 01:52:12,639:INFO: Epoch 188/300
2020-11-30 01:53:06,545:INFO: - Train metrics: accuracy: 0.688 ; non_zero_mask_percentage: 0.637 ; loss: 0.958
2020-11-30 01:53:10,856:INFO: - Eval metrics : accuracy: 0.731 ; non_zero_mask_percentage: 0.637 ; loss: 0.897
2020-11-30 01:53:10,870:INFO: Epoch 189/300
2020-11-30 01:54:04,318:INFO: - Train metrics: accuracy: 0.729 ; non_zero_mask_percentage: 0.636 ; loss: 0.903
2020-11-30 01:54:08,646:INFO: - Eval metrics : accuracy: 0.735 ; non_zero_mask_percentage: 0.636 ; loss: 0.886
2020-11-30 01:54:08,656:INFO: Epoch 190/300
2020-11-30 01:55:00,306:INFO: - Train metrics: accuracy: 0.721 ; non_zero_mask_percentage: 0.636 ; loss: 0.886
2020-11-30 01:55:04,574:INFO: - Eval metrics : accuracy: 0.737 ; non_zero_mask_percentage: 0.636 ; loss: 0.879
2020-11-30 01:55:04,585:INFO: Epoch 191/300
2020-11-30 01:55:56,206:INFO: - Train metrics: accuracy: 0.705 ; non_zero_mask_percentage: 0.635 ; loss: 0.907
2020-11-30 01:56:00,482:INFO: - Eval metrics : accuracy: 0.734 ; non_zero_mask_percentage: 0.635 ; loss: 0.889
2020-11-30 01:56:00,492:INFO: Epoch 192/300
2020-11-30 01:56:51,349:INFO: - Train metrics: accuracy: 0.742 ; non_zero_mask_percentage: 0.635 ; loss: 0.873
2020-11-30 01:56:55,669:INFO: - Eval metrics : accuracy: 0.730 ; non_zero_mask_percentage: 0.635 ; loss: 0.893
2020-11-30 01:56:55,680:INFO: Epoch 193/300
2020-11-30 01:57:46,957:INFO: - Train metrics: accuracy: 0.730 ; non_zero_mask_percentage: 0.634 ; loss: 0.876
2020-11-30 01:57:51,246:INFO: - Eval metrics : accuracy: 0.736 ; non_zero_mask_percentage: 0.634 ; loss: 0.889
2020-11-30 01:57:51,256:INFO: Epoch 194/300
2020-11-30 01:58:42,237:INFO: - Train metrics: accuracy: 0.699 ; non_zero_mask_percentage: 0.634 ; loss: 0.942
2020-11-30 01:58:46,413:INFO: - Eval metrics : accuracy: 0.727 ; non_zero_mask_percentage: 0.634 ; loss: 0.905
2020-11-30 01:58:46,423:INFO: Epoch 195/300
2020-11-30 01:59:37,301:INFO: - Train metrics: accuracy: 0.727 ; non_zero_mask_percentage: 0.633 ; loss: 0.861
2020-11-30 01:59:41,505:INFO: - Eval metrics : accuracy: 0.730 ; non_zero_mask_percentage: 0.633 ; loss: 0.888
2020-11-30 01:59:41,516:INFO: Epoch 196/300
2020-11-30 02:00:32,707:INFO: - Train metrics: accuracy: 0.738 ; non_zero_mask_percentage: 0.633 ; loss: 0.921
2020-11-30 02:00:36,992:INFO: - Eval metrics : accuracy: 0.725 ; non_zero_mask_percentage: 0.633 ; loss: 0.902
2020-11-30 02:00:37,004:INFO: Epoch 197/300
2020-11-30 02:01:28,090:INFO: - Train metrics: accuracy: 0.740 ; non_zero_mask_percentage: 0.633 ; loss: 0.877
2020-11-30 02:01:32,370:INFO: - Eval metrics : accuracy: 0.729 ; non_zero_mask_percentage: 0.632 ; loss: 0.907
2020-11-30 02:01:32,381:INFO: Epoch 198/300
2020-11-30 02:02:23,659:INFO: - Train metrics: accuracy: 0.684 ; non_zero_mask_percentage: 0.632 ; loss: 0.984
2020-11-30 02:02:28,041:INFO: - Eval metrics : accuracy: 0.736 ; non_zero_mask_percentage: 0.632 ; loss: 0.880
2020-11-30 02:02:28,053:INFO: Epoch 199/300
2020-11-30 02:03:18,941:INFO: - Train metrics: accuracy: 0.713 ; non_zero_mask_percentage: 0.631 ; loss: 0.953
2020-11-30 02:03:23,391:INFO: - Eval metrics : accuracy: 0.727 ; non_zero_mask_percentage: 0.631 ; loss: 0.899
2020-11-30 02:03:23,401:INFO: Epoch 200/300
2020-11-30 02:04:14,691:INFO: - Train metrics: accuracy: 0.713 ; non_zero_mask_percentage: 0.631 ; loss: 0.946
2020-11-30 02:04:18,945:INFO: - Eval metrics : accuracy: 0.728 ; non_zero_mask_percentage: 0.631 ; loss: 0.899
2020-11-30 02:04:18,959:INFO: Epoch 201/300
2020-11-30 02:05:09,933:INFO: - Train metrics: accuracy: 0.736 ; non_zero_mask_percentage: 0.630 ; loss: 0.809
2020-11-30 02:05:14,333:INFO: - Eval metrics : accuracy: 0.723 ; non_zero_mask_percentage: 0.630 ; loss: 0.914
2020-11-30 02:05:14,343:INFO: Epoch 202/300
2020-11-30 02:06:06,104:INFO: - Train metrics: accuracy: 0.703 ; non_zero_mask_percentage: 0.630 ; loss: 0.939
2020-11-30 02:06:10,299:INFO: - Eval metrics : accuracy: 0.732 ; non_zero_mask_percentage: 0.630 ; loss: 0.884
2020-11-30 02:06:10,308:INFO: Epoch 203/300
2020-11-30 02:07:01,646:INFO: - Train metrics: accuracy: 0.756 ; non_zero_mask_percentage: 0.629 ; loss: 0.831
2020-11-30 02:07:06,128:INFO: - Eval metrics : accuracy: 0.734 ; non_zero_mask_percentage: 0.629 ; loss: 0.882
2020-11-30 02:07:06,141:INFO: Epoch 204/300
2020-11-30 02:07:57,837:INFO: - Train metrics: accuracy: 0.742 ; non_zero_mask_percentage: 0.629 ; loss: 0.845
2020-11-30 02:08:02,167:INFO: - Eval metrics : accuracy: 0.733 ; non_zero_mask_percentage: 0.628 ; loss: 0.882
2020-11-30 02:08:02,181:INFO: Epoch 205/300
2020-11-30 02:08:53,399:INFO: - Train metrics: accuracy: 0.727 ; non_zero_mask_percentage: 0.628 ; loss: 0.857
2020-11-30 02:08:57,793:INFO: - Eval metrics : accuracy: 0.737 ; non_zero_mask_percentage: 0.628 ; loss: 0.881
2020-11-30 02:08:57,804:INFO: Epoch 206/300
2020-11-30 02:09:48,533:INFO: - Train metrics: accuracy: 0.746 ; non_zero_mask_percentage: 0.628 ; loss: 0.822
2020-11-30 02:09:53,389:INFO: - Eval metrics : accuracy: 0.728 ; non_zero_mask_percentage: 0.627 ; loss: 0.906
2020-11-30 02:09:53,404:INFO: Epoch 207/300
2020-11-30 02:10:44,439:INFO: - Train metrics: accuracy: 0.746 ; non_zero_mask_percentage: 0.627 ; loss: 0.891
2020-11-30 02:10:48,811:INFO: - Eval metrics : accuracy: 0.736 ; non_zero_mask_percentage: 0.627 ; loss: 0.887
2020-11-30 02:10:48,822:INFO: Epoch 208/300
2020-11-30 02:11:40,187:INFO: - Train metrics: accuracy: 0.729 ; non_zero_mask_percentage: 0.627 ; loss: 0.870
2020-11-30 02:11:44,514:INFO: - Eval metrics : accuracy: 0.736 ; non_zero_mask_percentage: 0.626 ; loss: 0.874
2020-11-30 02:11:44,527:INFO: Epoch 209/300
2020-11-30 02:12:35,912:INFO: - Train metrics: accuracy: 0.756 ; non_zero_mask_percentage: 0.626 ; loss: 0.852
2020-11-30 02:12:40,199:INFO: - Eval metrics : accuracy: 0.726 ; non_zero_mask_percentage: 0.626 ; loss: 0.898
2020-11-30 02:12:40,209:INFO: Epoch 210/300
2020-11-30 02:13:31,083:INFO: - Train metrics: accuracy: 0.734 ; non_zero_mask_percentage: 0.626 ; loss: 0.915
2020-11-30 02:13:35,246:INFO: - Eval metrics : accuracy: 0.734 ; non_zero_mask_percentage: 0.626 ; loss: 0.874
2020-11-30 02:13:35,257:INFO: Epoch 211/300
2020-11-30 02:14:25,857:INFO: - Train metrics: accuracy: 0.740 ; non_zero_mask_percentage: 0.625 ; loss: 0.885
2020-11-30 02:14:30,136:INFO: - Eval metrics : accuracy: 0.735 ; non_zero_mask_percentage: 0.625 ; loss: 0.880
2020-11-30 02:14:30,147:INFO: Epoch 212/300
2020-11-30 02:15:21,240:INFO: - Train metrics: accuracy: 0.748 ; non_zero_mask_percentage: 0.625 ; loss: 0.846
2020-11-30 02:15:25,551:INFO: - Eval metrics : accuracy: 0.734 ; non_zero_mask_percentage: 0.625 ; loss: 0.870
2020-11-30 02:15:25,561:INFO: Epoch 213/300
2020-11-30 02:16:16,125:INFO: - Train metrics: accuracy: 0.727 ; non_zero_mask_percentage: 0.624 ; loss: 0.864
2020-11-30 02:16:20,547:INFO: - Eval metrics : accuracy: 0.736 ; non_zero_mask_percentage: 0.624 ; loss: 0.871
2020-11-30 02:16:20,561:INFO: Epoch 214/300
2020-11-30 02:17:12,169:INFO: - Train metrics: accuracy: 0.699 ; non_zero_mask_percentage: 0.624 ; loss: 0.946
2020-11-30 02:17:16,616:INFO: - Eval metrics : accuracy: 0.737 ; non_zero_mask_percentage: 0.623 ; loss: 0.876
2020-11-30 02:17:16,626:INFO: Epoch 215/300
2020-11-30 02:18:09,241:INFO: - Train metrics: accuracy: 0.729 ; non_zero_mask_percentage: 0.623 ; loss: 0.918
2020-11-30 02:18:13,722:INFO: - Eval metrics : accuracy: 0.731 ; non_zero_mask_percentage: 0.623 ; loss: 0.890
2020-11-30 02:18:13,733:INFO: Epoch 216/300
2020-11-30 02:19:06,321:INFO: - Train metrics: accuracy: 0.697 ; non_zero_mask_percentage: 0.623 ; loss: 0.961
2020-11-30 02:19:10,808:INFO: - Eval metrics : accuracy: 0.740 ; non_zero_mask_percentage: 0.623 ; loss: 0.870
2020-11-30 02:19:10,823:INFO: - Found new best accuracy
2020-11-30 02:19:10,828:INFO: Epoch 217/300
2020-11-30 02:20:03,190:INFO: - Train metrics: accuracy: 0.691 ; non_zero_mask_percentage: 0.622 ; loss: 0.926
2020-11-30 02:20:07,488:INFO: - Eval metrics : accuracy: 0.735 ; non_zero_mask_percentage: 0.622 ; loss: 0.871
2020-11-30 02:20:07,498:INFO: Epoch 218/300
2020-11-30 02:20:59,863:INFO: - Train metrics: accuracy: 0.699 ; non_zero_mask_percentage: 0.622 ; loss: 0.960
2020-11-30 02:21:04,212:INFO: - Eval metrics : accuracy: 0.732 ; non_zero_mask_percentage: 0.622 ; loss: 0.883
2020-11-30 02:21:04,227:INFO: Epoch 219/300
2020-11-30 02:21:56,603:INFO: - Train metrics: accuracy: 0.729 ; non_zero_mask_percentage: 0.622 ; loss: 0.871
2020-11-30 02:22:01,139:INFO: - Eval metrics : accuracy: 0.739 ; non_zero_mask_percentage: 0.621 ; loss: 0.879
2020-11-30 02:22:01,152:INFO: Epoch 220/300
2020-11-30 02:22:53,369:INFO: - Train metrics: accuracy: 0.738 ; non_zero_mask_percentage: 0.621 ; loss: 0.897
2020-11-30 02:22:57,609:INFO: - Eval metrics : accuracy: 0.736 ; non_zero_mask_percentage: 0.621 ; loss: 0.877
2020-11-30 02:22:57,619:INFO: Epoch 221/300
2020-11-30 02:23:49,198:INFO: - Train metrics: accuracy: 0.707 ; non_zero_mask_percentage: 0.621 ; loss: 0.948
2020-11-30 02:23:53,565:INFO: - Eval metrics : accuracy: 0.734 ; non_zero_mask_percentage: 0.620 ; loss: 0.887
2020-11-30 02:23:53,577:INFO: Epoch 222/300
2020-11-30 02:24:44,674:INFO: - Train metrics: accuracy: 0.697 ; non_zero_mask_percentage: 0.620 ; loss: 0.936
2020-11-30 02:24:49,142:INFO: - Eval metrics : accuracy: 0.731 ; non_zero_mask_percentage: 0.620 ; loss: 0.887
2020-11-30 02:24:49,152:INFO: Epoch 223/300
2020-11-30 02:25:40,684:INFO: - Train metrics: accuracy: 0.742 ; non_zero_mask_percentage: 0.619 ; loss: 0.859
2020-11-30 02:25:44,983:INFO: - Eval metrics : accuracy: 0.730 ; non_zero_mask_percentage: 0.619 ; loss: 0.888
2020-11-30 02:25:44,994:INFO: Epoch 224/300
2020-11-30 02:26:36,566:INFO: - Train metrics: accuracy: 0.742 ; non_zero_mask_percentage: 0.619 ; loss: 0.836
2020-11-30 02:26:40,890:INFO: - Eval metrics : accuracy: 0.732 ; non_zero_mask_percentage: 0.619 ; loss: 0.881
2020-11-30 02:26:40,904:INFO: Epoch 225/300
2020-11-30 02:27:31,840:INFO: - Train metrics: accuracy: 0.750 ; non_zero_mask_percentage: 0.618 ; loss: 0.847
2020-11-30 02:27:36,301:INFO: - Eval metrics : accuracy: 0.733 ; non_zero_mask_percentage: 0.618 ; loss: 0.873
2020-11-30 02:27:36,314:INFO: Epoch 226/300
2020-11-30 02:28:27,304:INFO: - Train metrics: accuracy: 0.756 ; non_zero_mask_percentage: 0.618 ; loss: 0.821
2020-11-30 02:28:31,632:INFO: - Eval metrics : accuracy: 0.737 ; non_zero_mask_percentage: 0.618 ; loss: 0.870
2020-11-30 02:28:31,642:INFO: Epoch 227/300
2020-11-30 02:29:22,909:INFO: - Train metrics: accuracy: 0.723 ; non_zero_mask_percentage: 0.618 ; loss: 0.889
2020-11-30 02:29:27,244:INFO: - Eval metrics : accuracy: 0.729 ; non_zero_mask_percentage: 0.617 ; loss: 0.889
2020-11-30 02:29:27,258:INFO: Epoch 228/300
2020-11-30 02:30:18,379:INFO: - Train metrics: accuracy: 0.738 ; non_zero_mask_percentage: 0.617 ; loss: 0.868
2020-11-30 02:30:22,702:INFO: - Eval metrics : accuracy: 0.735 ; non_zero_mask_percentage: 0.617 ; loss: 0.865
2020-11-30 02:30:22,712:INFO: Epoch 229/300
2020-11-30 02:31:13,699:INFO: - Train metrics: accuracy: 0.764 ; non_zero_mask_percentage: 0.617 ; loss: 0.742
2020-11-30 02:31:18,083:INFO: - Eval metrics : accuracy: 0.733 ; non_zero_mask_percentage: 0.616 ; loss: 0.872
2020-11-30 02:31:18,094:INFO: Epoch 230/300
2020-11-30 02:32:09,352:INFO: - Train metrics: accuracy: 0.770 ; non_zero_mask_percentage: 0.616 ; loss: 0.807
2020-11-30 02:32:13,758:INFO: - Eval metrics : accuracy: 0.733 ; non_zero_mask_percentage: 0.616 ; loss: 0.874
2020-11-30 02:32:13,769:INFO: Epoch 231/300
2020-11-30 02:33:04,514:INFO: - Train metrics: accuracy: 0.688 ; non_zero_mask_percentage: 0.616 ; loss: 0.918
2020-11-30 02:33:08,976:INFO: - Eval metrics : accuracy: 0.731 ; non_zero_mask_percentage: 0.615 ; loss: 0.869
2020-11-30 02:33:08,987:INFO: Epoch 232/300
2020-11-30 02:34:00,111:INFO: - Train metrics: accuracy: 0.766 ; non_zero_mask_percentage: 0.615 ; loss: 0.787
2020-11-30 02:34:04,490:INFO: - Eval metrics : accuracy: 0.735 ; non_zero_mask_percentage: 0.615 ; loss: 0.874
2020-11-30 02:34:04,500:INFO: Epoch 233/300
2020-11-30 02:34:56,110:INFO: - Train metrics: accuracy: 0.711 ; non_zero_mask_percentage: 0.615 ; loss: 0.942
2020-11-30 02:35:00,543:INFO: - Eval metrics : accuracy: 0.735 ; non_zero_mask_percentage: 0.615 ; loss: 0.867
2020-11-30 02:35:00,555:INFO: Epoch 234/300
2020-11-30 02:35:52,007:INFO: - Train metrics: accuracy: 0.697 ; non_zero_mask_percentage: 0.614 ; loss: 0.904
2020-11-30 02:35:56,340:INFO: - Eval metrics : accuracy: 0.729 ; non_zero_mask_percentage: 0.614 ; loss: 0.889
2020-11-30 02:35:56,350:INFO: Epoch 235/300
2020-11-30 02:36:47,792:INFO: - Train metrics: accuracy: 0.744 ; non_zero_mask_percentage: 0.614 ; loss: 0.850
2020-11-30 02:36:52,215:INFO: - Eval metrics : accuracy: 0.734 ; non_zero_mask_percentage: 0.614 ; loss: 0.884
2020-11-30 02:36:52,225:INFO: Epoch 236/300
2020-11-30 02:37:45,275:INFO: - Train metrics: accuracy: 0.723 ; non_zero_mask_percentage: 0.613 ; loss: 0.845
2020-11-30 02:37:49,840:INFO: - Eval metrics : accuracy: 0.742 ; non_zero_mask_percentage: 0.613 ; loss: 0.856
2020-11-30 02:37:49,851:INFO: - Found new best accuracy
2020-11-30 02:37:49,856:INFO: Epoch 237/300
2020-11-30 02:38:41,646:INFO: - Train metrics: accuracy: 0.721 ; non_zero_mask_percentage: 0.613 ; loss: 0.913
2020-11-30 02:38:45,979:INFO: - Eval metrics : accuracy: 0.739 ; non_zero_mask_percentage: 0.613 ; loss: 0.862
2020-11-30 02:38:45,989:INFO: Epoch 238/300
2020-11-30 02:39:37,568:INFO: - Train metrics: accuracy: 0.729 ; non_zero_mask_percentage: 0.613 ; loss: 0.899
2020-11-30 02:39:42,849:INFO: - Eval metrics : accuracy: 0.737 ; non_zero_mask_percentage: 0.612 ; loss: 0.865
2020-11-30 02:39:42,862:INFO: Epoch 239/300
2020-11-30 02:40:35,055:INFO: - Train metrics: accuracy: 0.742 ; non_zero_mask_percentage: 0.612 ; loss: 0.833
2020-11-30 02:40:39,336:INFO: - Eval metrics : accuracy: 0.735 ; non_zero_mask_percentage: 0.612 ; loss: 0.873
2020-11-30 02:40:39,347:INFO: Epoch 240/300
2020-11-30 02:41:30,438:INFO: - Train metrics: accuracy: 0.729 ; non_zero_mask_percentage: 0.612 ; loss: 0.883
2020-11-30 02:41:34,709:INFO: - Eval metrics : accuracy: 0.737 ; non_zero_mask_percentage: 0.611 ; loss: 0.876
2020-11-30 02:41:34,720:INFO: Epoch 241/300
2020-11-30 02:42:26,134:INFO: - Train metrics: accuracy: 0.734 ; non_zero_mask_percentage: 0.611 ; loss: 0.836
2020-11-30 02:42:30,473:INFO: - Eval metrics : accuracy: 0.726 ; non_zero_mask_percentage: 0.611 ; loss: 0.887
2020-11-30 02:42:30,482:INFO: Epoch 242/300
2020-11-30 02:43:25,596:INFO: - Train metrics: accuracy: 0.701 ; non_zero_mask_percentage: 0.611 ; loss: 0.955
2020-11-30 02:43:30,066:INFO: - Eval metrics : accuracy: 0.734 ; non_zero_mask_percentage: 0.610 ; loss: 0.873
2020-11-30 02:43:30,077:INFO: Epoch 243/300
2020-11-30 02:44:21,359:INFO: - Train metrics: accuracy: 0.699 ; non_zero_mask_percentage: 0.610 ; loss: 0.923
2020-11-30 02:44:25,684:INFO: - Eval metrics : accuracy: 0.733 ; non_zero_mask_percentage: 0.610 ; loss: 0.880
2020-11-30 02:44:25,696:INFO: Epoch 244/300
2020-11-30 02:45:16,556:INFO: - Train metrics: accuracy: 0.709 ; non_zero_mask_percentage: 0.610 ; loss: 0.915
2020-11-30 02:45:20,984:INFO: - Eval metrics : accuracy: 0.733 ; non_zero_mask_percentage: 0.610 ; loss: 0.876
2020-11-30 02:45:20,994:INFO: Epoch 245/300
2020-11-30 02:46:11,597:INFO: - Train metrics: accuracy: 0.730 ; non_zero_mask_percentage: 0.610 ; loss: 0.881
2020-11-30 02:46:15,820:INFO: - Eval metrics : accuracy: 0.739 ; non_zero_mask_percentage: 0.609 ; loss: 0.868
2020-11-30 02:46:15,830:INFO: Epoch 246/300
2020-11-30 02:47:06,965:INFO: - Train metrics: accuracy: 0.715 ; non_zero_mask_percentage: 0.609 ; loss: 0.865
2020-11-30 02:47:11,304:INFO: - Eval metrics : accuracy: 0.729 ; non_zero_mask_percentage: 0.609 ; loss: 0.890
2020-11-30 02:47:11,314:INFO: Epoch 247/300
2020-11-30 02:48:02,688:INFO: - Train metrics: accuracy: 0.727 ; non_zero_mask_percentage: 0.609 ; loss: 0.883
2020-11-30 02:48:07,120:INFO: - Eval metrics : accuracy: 0.730 ; non_zero_mask_percentage: 0.609 ; loss: 0.872
2020-11-30 02:48:07,130:INFO: Epoch 248/300
2020-11-30 02:48:57,816:INFO: - Train metrics: accuracy: 0.725 ; non_zero_mask_percentage: 0.608 ; loss: 0.898
2020-11-30 02:49:02,093:INFO: - Eval metrics : accuracy: 0.734 ; non_zero_mask_percentage: 0.608 ; loss: 0.879
2020-11-30 02:49:02,106:INFO: Epoch 249/300
2020-11-30 02:49:53,181:INFO: - Train metrics: accuracy: 0.721 ; non_zero_mask_percentage: 0.608 ; loss: 0.940
2020-11-30 02:49:57,387:INFO: - Eval metrics : accuracy: 0.733 ; non_zero_mask_percentage: 0.608 ; loss: 0.879
2020-11-30 02:49:57,397:INFO: Epoch 250/300
2020-11-30 02:50:48,216:INFO: - Train metrics: accuracy: 0.727 ; non_zero_mask_percentage: 0.608 ; loss: 0.875
2020-11-30 02:50:52,558:INFO: - Eval metrics : accuracy: 0.737 ; non_zero_mask_percentage: 0.608 ; loss: 0.863
2020-11-30 02:50:52,572:INFO: Epoch 251/300
2020-11-30 02:51:43,481:INFO: - Train metrics: accuracy: 0.707 ; non_zero_mask_percentage: 0.607 ; loss: 0.913
2020-11-30 02:51:47,905:INFO: - Eval metrics : accuracy: 0.732 ; non_zero_mask_percentage: 0.607 ; loss: 0.877
2020-11-30 02:51:47,915:INFO: Epoch 252/300
2020-11-30 02:52:38,723:INFO: - Train metrics: accuracy: 0.725 ; non_zero_mask_percentage: 0.607 ; loss: 0.876
2020-11-30 02:52:43,050:INFO: - Eval metrics : accuracy: 0.735 ; non_zero_mask_percentage: 0.607 ; loss: 0.868
2020-11-30 02:52:43,060:INFO: Epoch 253/300
2020-11-30 02:53:33,930:INFO: - Train metrics: accuracy: 0.705 ; non_zero_mask_percentage: 0.607 ; loss: 0.870
2020-11-30 02:53:38,268:INFO: - Eval metrics : accuracy: 0.735 ; non_zero_mask_percentage: 0.606 ; loss: 0.864
2020-11-30 02:53:38,278:INFO: Epoch 254/300
2020-11-30 02:54:28,806:INFO: - Train metrics: accuracy: 0.744 ; non_zero_mask_percentage: 0.606 ; loss: 0.823
2020-11-30 02:54:33,143:INFO: - Eval metrics : accuracy: 0.742 ; non_zero_mask_percentage: 0.606 ; loss: 0.851
2020-11-30 02:54:33,156:INFO: - Found new best accuracy
2020-11-30 02:54:33,161:INFO: Epoch 255/300
2020-11-30 02:55:24,625:INFO: - Train metrics: accuracy: 0.746 ; non_zero_mask_percentage: 0.606 ; loss: 0.841
2020-11-30 02:55:28,905:INFO: - Eval metrics : accuracy: 0.738 ; non_zero_mask_percentage: 0.606 ; loss: 0.856
2020-11-30 02:55:28,915:INFO: Epoch 256/300
2020-11-30 02:56:20,206:INFO: - Train metrics: accuracy: 0.760 ; non_zero_mask_percentage: 0.605 ; loss: 0.807
2020-11-30 02:56:24,539:INFO: - Eval metrics : accuracy: 0.737 ; non_zero_mask_percentage: 0.605 ; loss: 0.869
2020-11-30 02:56:24,552:INFO: Epoch 257/300
2020-11-30 02:57:15,692:INFO: - Train metrics: accuracy: 0.752 ; non_zero_mask_percentage: 0.605 ; loss: 0.885
2020-11-30 02:57:20,005:INFO: - Eval metrics : accuracy: 0.740 ; non_zero_mask_percentage: 0.605 ; loss: 0.859
2020-11-30 02:57:20,018:INFO: Epoch 258/300
2020-11-30 02:58:11,234:INFO: - Train metrics: accuracy: 0.742 ; non_zero_mask_percentage: 0.604 ; loss: 0.842
2020-11-30 02:58:15,563:INFO: - Eval metrics : accuracy: 0.728 ; non_zero_mask_percentage: 0.604 ; loss: 0.884
2020-11-30 02:58:15,573:INFO: Epoch 259/300
2020-11-30 02:59:09,199:INFO: - Train metrics: accuracy: 0.711 ; non_zero_mask_percentage: 0.604 ; loss: 0.870
2020-11-30 02:59:13,556:INFO: - Eval metrics : accuracy: 0.728 ; non_zero_mask_percentage: 0.604 ; loss: 0.878
2020-11-30 02:59:13,569:INFO: Epoch 260/300
2020-11-30 03:00:04,259:INFO: - Train metrics: accuracy: 0.756 ; non_zero_mask_percentage: 0.604 ; loss: 0.841
2020-11-30 03:00:08,596:INFO: - Eval metrics : accuracy: 0.736 ; non_zero_mask_percentage: 0.604 ; loss: 0.860
2020-11-30 03:00:08,606:INFO: Epoch 261/300
2020-11-30 03:00:59,478:INFO: - Train metrics: accuracy: 0.750 ; non_zero_mask_percentage: 0.603 ; loss: 0.813
2020-11-30 03:01:03,710:INFO: - Eval metrics : accuracy: 0.734 ; non_zero_mask_percentage: 0.603 ; loss: 0.874
2020-11-30 03:01:03,720:INFO: Epoch 262/300
2020-11-30 03:01:54,892:INFO: - Train metrics: accuracy: 0.756 ; non_zero_mask_percentage: 0.603 ; loss: 0.821
2020-11-30 03:01:59,166:INFO: - Eval metrics : accuracy: 0.742 ; non_zero_mask_percentage: 0.603 ; loss: 0.852
2020-11-30 03:01:59,175:INFO: Epoch 263/300
2020-11-30 03:02:50,295:INFO: - Train metrics: accuracy: 0.758 ; non_zero_mask_percentage: 0.603 ; loss: 0.770
2020-11-30 03:02:54,592:INFO: - Eval metrics : accuracy: 0.735 ; non_zero_mask_percentage: 0.602 ; loss: 0.867
2020-11-30 03:02:54,604:INFO: Epoch 264/300
2020-11-30 03:03:45,552:INFO: - Train metrics: accuracy: 0.740 ; non_zero_mask_percentage: 0.602 ; loss: 0.877
2020-11-30 03:03:49,868:INFO: - Eval metrics : accuracy: 0.740 ; non_zero_mask_percentage: 0.602 ; loss: 0.856
2020-11-30 03:03:49,878:INFO: Epoch 265/300
2020-11-30 03:04:41,413:INFO: - Train metrics: accuracy: 0.740 ; non_zero_mask_percentage: 0.602 ; loss: 0.852
2020-11-30 03:04:45,689:INFO: - Eval metrics : accuracy: 0.737 ; non_zero_mask_percentage: 0.602 ; loss: 0.865
2020-11-30 03:04:45,700:INFO: Epoch 266/300
2020-11-30 03:05:36,856:INFO: - Train metrics: accuracy: 0.699 ; non_zero_mask_percentage: 0.602 ; loss: 0.863
2020-11-30 03:05:41,081:INFO: - Eval metrics : accuracy: 0.735 ; non_zero_mask_percentage: 0.602 ; loss: 0.862
2020-11-30 03:05:41,091:INFO: Epoch 267/300
2020-11-30 03:06:32,233:INFO: - Train metrics: accuracy: 0.752 ; non_zero_mask_percentage: 0.601 ; loss: 0.848
2020-11-30 03:06:36,545:INFO: - Eval metrics : accuracy: 0.742 ; non_zero_mask_percentage: 0.601 ; loss: 0.848
2020-11-30 03:06:36,556:INFO: - Found new best accuracy
2020-11-30 03:06:36,561:INFO: Epoch 268/300
2020-11-30 03:07:28,798:INFO: - Train metrics: accuracy: 0.742 ; non_zero_mask_percentage: 0.601 ; loss: 0.839
2020-11-30 03:07:33,272:INFO: - Eval metrics : accuracy: 0.744 ; non_zero_mask_percentage: 0.601 ; loss: 0.844
2020-11-30 03:07:33,283:INFO: - Found new best accuracy
2020-11-30 03:07:33,287:INFO: Epoch 269/300
2020-11-30 03:08:24,333:INFO: - Train metrics: accuracy: 0.715 ; non_zero_mask_percentage: 0.600 ; loss: 0.893
2020-11-30 03:08:28,712:INFO: - Eval metrics : accuracy: 0.745 ; non_zero_mask_percentage: 0.600 ; loss: 0.844
2020-11-30 03:08:28,723:INFO: - Found new best accuracy
2020-11-30 03:08:28,728:INFO: Epoch 270/300
2020-11-30 03:09:19,915:INFO: - Train metrics: accuracy: 0.721 ; non_zero_mask_percentage: 0.600 ; loss: 0.889
2020-11-30 03:09:24,276:INFO: - Eval metrics : accuracy: 0.738 ; non_zero_mask_percentage: 0.600 ; loss: 0.856
2020-11-30 03:09:24,285:INFO: Epoch 271/300
2020-11-30 03:10:15,530:INFO: - Train metrics: accuracy: 0.746 ; non_zero_mask_percentage: 0.600 ; loss: 0.821
2020-11-30 03:10:20,049:INFO: - Eval metrics : accuracy: 0.738 ; non_zero_mask_percentage: 0.600 ; loss: 0.856
2020-11-30 03:10:20,059:INFO: Epoch 272/300
2020-11-30 03:11:11,243:INFO: - Train metrics: accuracy: 0.713 ; non_zero_mask_percentage: 0.599 ; loss: 0.938
2020-11-30 03:11:15,440:INFO: - Eval metrics : accuracy: 0.744 ; non_zero_mask_percentage: 0.599 ; loss: 0.855
2020-11-30 03:11:15,454:INFO: Epoch 273/300
2020-11-30 03:12:06,317:INFO: - Train metrics: accuracy: 0.725 ; non_zero_mask_percentage: 0.599 ; loss: 0.849
2020-11-30 03:12:10,735:INFO: - Eval metrics : accuracy: 0.727 ; non_zero_mask_percentage: 0.599 ; loss: 0.881
2020-11-30 03:12:10,746:INFO: Epoch 274/300
2020-11-30 03:13:01,676:INFO: - Train metrics: accuracy: 0.770 ; non_zero_mask_percentage: 0.599 ; loss: 0.767
2020-11-30 03:13:06,099:INFO: - Eval metrics : accuracy: 0.736 ; non_zero_mask_percentage: 0.598 ; loss: 0.861
2020-11-30 03:13:06,109:INFO: Epoch 275/300
2020-11-30 03:13:57,223:INFO: - Train metrics: accuracy: 0.727 ; non_zero_mask_percentage: 0.598 ; loss: 0.859
2020-11-30 03:14:01,596:INFO: - Eval metrics : accuracy: 0.736 ; non_zero_mask_percentage: 0.598 ; loss: 0.848
2020-11-30 03:14:01,607:INFO: Epoch 276/300
2020-11-30 03:14:52,690:INFO: - Train metrics: accuracy: 0.754 ; non_zero_mask_percentage: 0.598 ; loss: 0.777
2020-11-30 03:14:56,901:INFO: - Eval metrics : accuracy: 0.740 ; non_zero_mask_percentage: 0.598 ; loss: 0.852
2020-11-30 03:14:56,911:INFO: Epoch 277/300
2020-11-30 03:15:47,940:INFO: - Train metrics: accuracy: 0.752 ; non_zero_mask_percentage: 0.598 ; loss: 0.815
2020-11-30 03:15:52,251:INFO: - Eval metrics : accuracy: 0.732 ; non_zero_mask_percentage: 0.597 ; loss: 0.868
2020-11-30 03:15:52,261:INFO: Epoch 278/300
2020-11-30 03:16:43,307:INFO: - Train metrics: accuracy: 0.721 ; non_zero_mask_percentage: 0.597 ; loss: 0.863
2020-11-30 03:16:47,584:INFO: - Eval metrics : accuracy: 0.738 ; non_zero_mask_percentage: 0.597 ; loss: 0.859
2020-11-30 03:16:47,593:INFO: Epoch 279/300
2020-11-30 03:17:38,837:INFO: - Train metrics: accuracy: 0.740 ; non_zero_mask_percentage: 0.597 ; loss: 0.792
2020-11-30 03:17:43,197:INFO: - Eval metrics : accuracy: 0.735 ; non_zero_mask_percentage: 0.597 ; loss: 0.851
2020-11-30 03:17:43,210:INFO: Epoch 280/300
2020-11-30 03:18:34,096:INFO: - Train metrics: accuracy: 0.705 ; non_zero_mask_percentage: 0.597 ; loss: 0.881
2020-11-30 03:18:38,384:INFO: - Eval metrics : accuracy: 0.726 ; non_zero_mask_percentage: 0.596 ; loss: 0.895
2020-11-30 03:18:38,394:INFO: Epoch 281/300
2020-11-30 03:19:29,083:INFO: - Train metrics: accuracy: 0.764 ; non_zero_mask_percentage: 0.596 ; loss: 0.830
2020-11-30 03:19:33,511:INFO: - Eval metrics : accuracy: 0.741 ; non_zero_mask_percentage: 0.596 ; loss: 0.843
2020-11-30 03:19:33,521:INFO: Epoch 282/300
2020-11-30 03:20:24,356:INFO: - Train metrics: accuracy: 0.713 ; non_zero_mask_percentage: 0.596 ; loss: 0.896
2020-11-30 03:20:28,727:INFO: - Eval metrics : accuracy: 0.744 ; non_zero_mask_percentage: 0.596 ; loss: 0.851
2020-11-30 03:20:28,740:INFO: Epoch 283/300
2020-11-30 03:21:19,677:INFO: - Train metrics: accuracy: 0.734 ; non_zero_mask_percentage: 0.596 ; loss: 0.832
2020-11-30 03:21:24,010:INFO: - Eval metrics : accuracy: 0.731 ; non_zero_mask_percentage: 0.596 ; loss: 0.862
2020-11-30 03:21:24,024:INFO: Epoch 284/300
2020-11-30 03:22:15,639:INFO: - Train metrics: accuracy: 0.729 ; non_zero_mask_percentage: 0.595 ; loss: 0.803
2020-11-30 03:22:19,892:INFO: - Eval metrics : accuracy: 0.736 ; non_zero_mask_percentage: 0.595 ; loss: 0.858
2020-11-30 03:22:19,901:INFO: Epoch 285/300
2020-11-30 03:23:10,894:INFO: - Train metrics: accuracy: 0.701 ; non_zero_mask_percentage: 0.595 ; loss: 0.960
2020-11-30 03:23:15,227:INFO: - Eval metrics : accuracy: 0.739 ; non_zero_mask_percentage: 0.595 ; loss: 0.846
2020-11-30 03:23:15,238:INFO: Epoch 286/300
2020-11-30 03:24:05,927:INFO: - Train metrics: accuracy: 0.713 ; non_zero_mask_percentage: 0.595 ; loss: 0.931
2020-11-30 03:24:10,321:INFO: - Eval metrics : accuracy: 0.734 ; non_zero_mask_percentage: 0.594 ; loss: 0.864
2020-11-30 03:24:10,331:INFO: Epoch 287/300
2020-11-30 03:25:00,906:INFO: - Train metrics: accuracy: 0.727 ; non_zero_mask_percentage: 0.594 ; loss: 0.857
2020-11-30 03:25:05,677:INFO: - Eval metrics : accuracy: 0.738 ; non_zero_mask_percentage: 0.594 ; loss: 0.854
2020-11-30 03:25:05,689:INFO: Epoch 288/300
2020-11-30 03:25:56,907:INFO: - Train metrics: accuracy: 0.705 ; non_zero_mask_percentage: 0.594 ; loss: 0.879
2020-11-30 03:26:01,323:INFO: - Eval metrics : accuracy: 0.734 ; non_zero_mask_percentage: 0.594 ; loss: 0.866
2020-11-30 03:26:01,336:INFO: Epoch 289/300
2020-11-30 03:26:52,738:INFO: - Train metrics: accuracy: 0.754 ; non_zero_mask_percentage: 0.593 ; loss: 0.795
2020-11-30 03:26:57,108:INFO: - Eval metrics : accuracy: 0.736 ; non_zero_mask_percentage: 0.593 ; loss: 0.860
2020-11-30 03:26:57,120:INFO: Epoch 290/300
2020-11-30 03:27:48,152:INFO: - Train metrics: accuracy: 0.732 ; non_zero_mask_percentage: 0.593 ; loss: 0.826
2020-11-30 03:27:52,533:INFO: - Eval metrics : accuracy: 0.740 ; non_zero_mask_percentage: 0.593 ; loss: 0.847
2020-11-30 03:27:52,543:INFO: Epoch 291/300
2020-11-30 03:28:43,403:INFO: - Train metrics: accuracy: 0.738 ; non_zero_mask_percentage: 0.593 ; loss: 0.798
2020-11-30 03:28:47,718:INFO: - Eval metrics : accuracy: 0.738 ; non_zero_mask_percentage: 0.593 ; loss: 0.849
2020-11-30 03:28:47,730:INFO: Epoch 292/300
2020-11-30 03:29:38,627:INFO: - Train metrics: accuracy: 0.707 ; non_zero_mask_percentage: 0.592 ; loss: 0.906
2020-11-30 03:29:42,954:INFO: - Eval metrics : accuracy: 0.731 ; non_zero_mask_percentage: 0.592 ; loss: 0.867
2020-11-30 03:29:42,965:INFO: Epoch 293/300
2020-11-30 03:30:33,923:INFO: - Train metrics: accuracy: 0.709 ; non_zero_mask_percentage: 0.592 ; loss: 0.911
2020-11-30 03:30:38,339:INFO: - Eval metrics : accuracy: 0.735 ; non_zero_mask_percentage: 0.592 ; loss: 0.851
2020-11-30 03:30:38,350:INFO: Epoch 294/300
2020-11-30 03:31:29,410:INFO: - Train metrics: accuracy: 0.730 ; non_zero_mask_percentage: 0.592 ; loss: 0.862
2020-11-30 03:31:33,785:INFO: - Eval metrics : accuracy: 0.739 ; non_zero_mask_percentage: 0.592 ; loss: 0.844
2020-11-30 03:31:33,799:INFO: Epoch 295/300
2020-11-30 03:32:24,820:INFO: - Train metrics: accuracy: 0.746 ; non_zero_mask_percentage: 0.592 ; loss: 0.808
2020-11-30 03:32:29,258:INFO: - Eval metrics : accuracy: 0.733 ; non_zero_mask_percentage: 0.591 ; loss: 0.865
2020-11-30 03:32:29,269:INFO: Epoch 296/300
2020-11-30 03:33:20,134:INFO: - Train metrics: accuracy: 0.730 ; non_zero_mask_percentage: 0.591 ; loss: 0.824
2020-11-30 03:33:24,590:INFO: - Eval metrics : accuracy: 0.741 ; non_zero_mask_percentage: 0.591 ; loss: 0.841
2020-11-30 03:33:24,603:INFO: Epoch 297/300
2020-11-30 03:34:15,625:INFO: - Train metrics: accuracy: 0.701 ; non_zero_mask_percentage: 0.591 ; loss: 0.907
2020-11-30 03:34:19,971:INFO: - Eval metrics : accuracy: 0.737 ; non_zero_mask_percentage: 0.591 ; loss: 0.860
2020-11-30 03:34:19,981:INFO: Epoch 298/300
2020-11-30 03:35:10,631:INFO: - Train metrics: accuracy: 0.701 ; non_zero_mask_percentage: 0.591 ; loss: 0.917
2020-11-30 03:35:14,961:INFO: - Eval metrics : accuracy: 0.732 ; non_zero_mask_percentage: 0.590 ; loss: 0.858
2020-11-30 03:35:14,970:INFO: Epoch 299/300
2020-11-30 03:36:05,978:INFO: - Train metrics: accuracy: 0.766 ; non_zero_mask_percentage: 0.590 ; loss: 0.826
2020-11-30 03:36:11,162:INFO: - Eval metrics : accuracy: 0.737 ; non_zero_mask_percentage: 0.590 ; loss: 0.854
2020-11-30 03:36:11,176:INFO: Epoch 300/300
2020-11-30 03:37:04,525:INFO: - Train metrics: accuracy: 0.723 ; non_zero_mask_percentage: 0.590 ; loss: 0.885
2020-11-30 03:37:09,160:INFO: - Eval metrics : accuracy: 0.741 ; non_zero_mask_percentage: 0.590 ; loss: 0.843
